{"/home/travis/build/npmtest/node-npmtest-recordrtc/test.js":{"path":"/home/travis/build/npmtest/node-npmtest-recordrtc/test.js","s":{"1":2,"2":2,"3":2,"4":2,"5":2,"6":2,"7":2,"8":1,"9":2,"10":2,"11":1,"12":1,"13":1,"14":1,"15":2,"16":2,"17":2,"18":2,"19":1,"20":1,"21":2,"22":2,"23":2,"24":1,"25":1,"26":1,"27":1,"28":1,"29":1,"30":1,"31":1,"32":1,"33":1,"34":1,"35":1,"36":1,"37":1,"38":1,"39":2,"40":2,"41":1,"42":2,"43":2,"44":1,"45":2,"46":2,"47":1,"48":2,"49":2,"50":1,"51":1,"52":1,"53":1,"54":1},"b":{"1":[2,1,1,1],"2":[1,1,1,1],"3":[1,1],"4":[1,1],"5":[1,1],"6":[1,1],"7":[1,1],"8":[1,1],"9":[1,1],"10":[1,1,1],"11":[1,1],"12":[1,1],"13":[1,1],"14":[1,1],"15":[1,1],"16":[1,1],"17":[1,1]},"f":{"1":2,"2":2,"3":2,"4":2,"5":2,"6":1,"7":1,"8":1,"9":2,"10":2,"11":2,"12":2,"13":1},"fnMap":{"1":{"name":"(anonymous_1)","line":12,"loc":{"start":{"line":12,"column":1},"end":{"line":12,"column":13}}},"2":{"name":"(anonymous_2)","line":19,"loc":{"start":{"line":19,"column":5},"end":{"line":19,"column":17}}},"3":{"name":"(anonymous_3)","line":23,"loc":{"start":{"line":23,"column":24},"end":{"line":23,"column":36}}},"4":{"name":"(anonymous_4)","line":61,"loc":{"start":{"line":61,"column":5},"end":{"line":61,"column":17}}},"5":{"name":"(anonymous_5)","line":82,"loc":{"start":{"line":82,"column":5},"end":{"line":82,"column":17}}},"6":{"name":"(anonymous_6)","line":91,"loc":{"start":{"line":91,"column":77},"end":{"line":94,"column":10}}},"7":{"name":"(anonymous_7)","line":112,"loc":{"start":{"line":112,"column":83},"end":{"line":115,"column":10}},"skip":true},"8":{"name":"(anonymous_8)","line":123,"loc":{"start":{"line":123,"column":77},"end":{"line":126,"column":10}},"skip":true},"9":{"name":"(anonymous_9)","line":139,"loc":{"start":{"line":139,"column":12},"end":{"line":139,"column":40}},"skip":true},"10":{"name":"(anonymous_10)","line":147,"loc":{"start":{"line":147,"column":77},"end":{"line":150,"column":10}},"skip":true},"11":{"name":"(anonymous_11)","line":158,"loc":{"start":{"line":158,"column":83},"end":{"line":161,"column":10}},"skip":true},"12":{"name":"(anonymous_12)","line":169,"loc":{"start":{"line":169,"column":79},"end":{"line":172,"column":10}},"skip":true},"13":{"name":"(anonymous_13)","line":180,"loc":{"start":{"line":180,"column":75},"end":{"line":183,"column":10}},"skip":true}},"statementMap":{"1":{"start":{"line":12,"column":0},"end":{"line":195,"column":5}},"2":{"start":{"line":14,"column":4},"end":{"line":14,"column":14}},"3":{"start":{"line":19,"column":4},"end":{"line":56,"column":9}},"4":{"start":{"line":21,"column":8},"end":{"line":21,"column":19}},"5":{"start":{"line":23,"column":8},"end":{"line":35,"column":13}},"6":{"start":{"line":24,"column":12},"end":{"line":34,"column":13}},"7":{"start":{"line":25,"column":16},"end":{"line":28,"column":30}},"8":{"start":{"line":30,"column":16},"end":{"line":33,"column":27}},"9":{"start":{"line":37,"column":8},"end":{"line":39,"column":21}},"10":{"start":{"line":40,"column":8},"end":{"line":53,"column":9}},"11":{"start":{"line":43,"column":12},"end":{"line":46,"column":14}},"12":{"start":{"line":47,"column":12},"end":{"line":47,"column":18}},"13":{"start":{"line":50,"column":12},"end":{"line":51,"column":46}},"14":{"start":{"line":52,"column":12},"end":{"line":52,"column":18}},"15":{"start":{"line":55,"column":8},"end":{"line":55,"column":35}},"16":{"start":{"line":61,"column":4},"end":{"line":63,"column":9}},"17":{"start":{"line":62,"column":8},"end":{"line":62,"column":15}},"18":{"start":{"line":64,"column":4},"end":{"line":77,"column":5}},"19":{"start":{"line":70,"column":8},"end":{"line":70,"column":14}},"20":{"start":{"line":76,"column":8},"end":{"line":76,"column":14}},"21":{"start":{"line":82,"column":4},"end":{"line":84,"column":9}},"22":{"start":{"line":83,"column":8},"end":{"line":83,"column":15}},"23":{"start":{"line":85,"column":4},"end":{"line":194,"column":5}},"24":{"start":{"line":91,"column":8},"end":{"line":99,"column":10}},"25":{"start":{"line":98,"column":12},"end":{"line":98,"column":35}},"26":{"start":{"line":102,"column":8},"end":{"line":104,"column":63}},"27":{"start":{"line":105,"column":8},"end":{"line":105,"column":14}},"28":{"start":{"line":112,"column":8},"end":{"line":121,"column":10},"skip":true},"29":{"start":{"line":119,"column":12},"end":{"line":119,"column":55},"skip":true},"30":{"start":{"line":120,"column":12},"end":{"line":120,"column":48},"skip":true},"31":{"start":{"line":123,"column":8},"end":{"line":136,"column":10},"skip":true},"32":{"start":{"line":130,"column":12},"end":{"line":130,"column":76},"skip":true},"33":{"start":{"line":131,"column":12},"end":{"line":131,"column":73},"skip":true},"34":{"start":{"line":132,"column":12},"end":{"line":132,"column":74},"skip":true},"35":{"start":{"line":133,"column":12},"end":{"line":133,"column":79},"skip":true},"36":{"start":{"line":134,"column":12},"end":{"line":134,"column":25},"skip":true},"37":{"start":{"line":135,"column":12},"end":{"line":135,"column":45},"skip":true},"38":{"start":{"line":138,"column":8},"end":{"line":145,"column":14},"skip":true},"39":{"start":{"line":143,"column":16},"end":{"line":143,"column":29},"skip":true},"40":{"start":{"line":144,"column":16},"end":{"line":144,"column":55},"skip":true},"41":{"start":{"line":147,"column":8},"end":{"line":156,"column":10},"skip":true},"42":{"start":{"line":154,"column":12},"end":{"line":154,"column":25},"skip":true},"43":{"start":{"line":155,"column":12},"end":{"line":155,"column":45},"skip":true},"44":{"start":{"line":158,"column":8},"end":{"line":167,"column":10},"skip":true},"45":{"start":{"line":165,"column":12},"end":{"line":165,"column":25},"skip":true},"46":{"start":{"line":166,"column":12},"end":{"line":166,"column":48},"skip":true},"47":{"start":{"line":169,"column":8},"end":{"line":178,"column":10},"skip":true},"48":{"start":{"line":176,"column":12},"end":{"line":176,"column":25},"skip":true},"49":{"start":{"line":177,"column":12},"end":{"line":177,"column":46},"skip":true},"50":{"start":{"line":180,"column":8},"end":{"line":189,"column":10},"skip":true},"51":{"start":{"line":187,"column":12},"end":{"line":187,"column":94},"skip":true},"52":{"start":{"line":188,"column":12},"end":{"line":188,"column":48},"skip":true},"53":{"start":{"line":192,"column":8},"end":{"line":192,"column":35},"skip":true},"54":{"start":{"line":193,"column":8},"end":{"line":193,"column":14},"skip":true}},"branchMap":{"1":{"line":25,"type":"binary-expr","locations":[{"start":{"line":25,"column":23},"end":{"line":25,"column":62}},{"start":{"line":26,"column":20},"end":{"line":26,"column":70}},{"start":{"line":27,"column":20},"end":{"line":27,"column":71}},{"start":{"line":28,"column":20},"end":{"line":28,"column":29}}]},"2":{"line":30,"type":"binary-expr","locations":[{"start":{"line":30,"column":23},"end":{"line":30,"column":37}},{"start":{"line":31,"column":20},"end":{"line":31,"column":61}},{"start":{"line":32,"column":20},"end":{"line":32,"column":70}},{"start":{"line":33,"column":20},"end":{"line":33,"column":26}}]},"3":{"line":37,"type":"cond-expr","locations":[{"start":{"line":38,"column":14},"end":{"line":38,"column":20}},{"start":{"line":39,"column":14},"end":{"line":39,"column":20}}]},"4":{"line":40,"type":"switch","locations":[{"start":{"line":42,"column":8},"end":{"line":47,"column":18}},{"start":{"line":49,"column":8},"end":{"line":52,"column":18}}]},"5":{"line":44,"type":"binary-expr","locations":[{"start":{"line":44,"column":16},"end":{"line":44,"column":44}},{"start":{"line":44,"column":48},"end":{"line":44,"column":66}}]},"6":{"line":50,"type":"binary-expr","locations":[{"start":{"line":50,"column":21},"end":{"line":50,"column":49}},{"start":{"line":50,"column":53},"end":{"line":50,"column":72}}]},"7":{"line":64,"type":"switch","locations":[{"start":{"line":69,"column":4},"end":{"line":70,"column":14}},{"start":{"line":75,"column":4},"end":{"line":76,"column":14}}]},"8":{"line":85,"type":"switch","locations":[{"start":{"line":90,"column":4},"end":{"line":105,"column":14}},{"start":{"line":111,"column":4},"end":{"line":193,"column":14},"skip":true}]},"9":{"line":91,"type":"binary-expr","locations":[{"start":{"line":91,"column":42},"end":{"line":91,"column":73}},{"start":{"line":91,"column":77},"end":{"line":99,"column":9}}]},"10":{"line":102,"type":"binary-expr","locations":[{"start":{"line":102,"column":18},"end":{"line":102,"column":32}},{"start":{"line":103,"column":12},"end":{"line":103,"column":53}},{"start":{"line":104,"column":12},"end":{"line":104,"column":61}}]},"11":{"line":112,"type":"binary-expr","locations":[{"start":{"line":112,"column":45},"end":{"line":112,"column":79},"skip":true},{"start":{"line":112,"column":83},"end":{"line":121,"column":9},"skip":true}]},"12":{"line":123,"type":"binary-expr","locations":[{"start":{"line":123,"column":42},"end":{"line":123,"column":73},"skip":true},{"start":{"line":123,"column":77},"end":{"line":136,"column":9},"skip":true}]},"13":{"line":138,"type":"binary-expr","locations":[{"start":{"line":138,"column":48},"end":{"line":138,"column":85},"skip":true},{"start":{"line":139,"column":12},"end":{"line":145,"column":13},"skip":true}]},"14":{"line":147,"type":"binary-expr","locations":[{"start":{"line":147,"column":42},"end":{"line":147,"column":73},"skip":true},{"start":{"line":147,"column":77},"end":{"line":156,"column":9},"skip":true}]},"15":{"line":158,"type":"binary-expr","locations":[{"start":{"line":158,"column":45},"end":{"line":158,"column":79},"skip":true},{"start":{"line":158,"column":83},"end":{"line":167,"column":9},"skip":true}]},"16":{"line":169,"type":"binary-expr","locations":[{"start":{"line":169,"column":43},"end":{"line":169,"column":75},"skip":true},{"start":{"line":169,"column":79},"end":{"line":178,"column":9},"skip":true}]},"17":{"line":180,"type":"binary-expr","locations":[{"start":{"line":180,"column":41},"end":{"line":180,"column":71},"skip":true},{"start":{"line":180,"column":75},"end":{"line":189,"column":9},"skip":true}]}},"code":["/* istanbul instrument in package npmtest_recordrtc */","/*jslint","    bitwise: true,","    browser: true,","    maxerr: 8,","    maxlen: 96,","    node: true,","    nomen: true,","    regexp: true,","    stupid: true","*/","(function () {","    'use strict';","    var local;","","","","    // run shared js-env code - pre-init","    (function () {","        // init local","        local = {};","        // init modeJs","        local.modeJs = (function () {","            try {","                return typeof navigator.userAgent === 'string' &&","                    typeof document.querySelector('body') === 'object' &&","                    typeof XMLHttpRequest.prototype.open === 'function' &&","                    'browser';","            } catch (errorCaughtBrowser) {","                return module.exports &&","                    typeof process.versions.node === 'string' &&","                    typeof require('http').createServer === 'function' &&","                    'node';","            }","        }());","        // init global","        local.global = local.modeJs === 'browser'","            ? window","            : global;","        switch (local.modeJs) {","        // re-init local from window.local","        case 'browser':","            local = local.global.utility2.objectSetDefault(","                local.global.utility2_rollup || local.global.local,","                local.global.utility2","            );","            break;","        // re-init local from example.js","        case 'node':","            local = (local.global.utility2_rollup || require('utility2'))","                .requireExampleJsFromReadme();","            break;","        }","        // export local","        local.global.local = local;","    }());","","","","    // run shared js-env code - function","    (function () {","        return;","    }());","    switch (local.modeJs) {","","","","    // run browser js-env code - function","    case 'browser':","        break;","","","","    // run node js-env code - function","    case 'node':","        break;","    }","","","","    // run shared js-env code - post-init","    (function () {","        return;","    }());","    switch (local.modeJs) {","","","","    // run browser js-env code - post-init","    case 'browser':","        local.testCase_browser_nullCase = local.testCase_browser_nullCase || function (","            options,","            onError","        ) {","        /*","         * this function will test browsers's null-case handling-behavior-behavior","         */","            onError(null, options);","        };","","        // run tests","        local.nop(local.modeTest &&","            document.querySelector('#testRunButton1') &&","            document.querySelector('#testRunButton1').click());","        break;","","","","    // run node js-env code - post-init","    /* istanbul ignore next */","    case 'node':","        local.testCase_buildApidoc_default = local.testCase_buildApidoc_default || function (","            options,","            onError","        ) {","        /*","         * this function will test buildApidoc's default handling-behavior-behavior","         */","            options = { modulePathList: module.paths };","            local.buildApidoc(options, onError);","        };","","        local.testCase_buildApp_default = local.testCase_buildApp_default || function (","            options,","            onError","        ) {","        /*","         * this function will test buildApp's default handling-behavior-behavior","         */","            local.testCase_buildReadme_default(options, local.onErrorThrow);","            local.testCase_buildLib_default(options, local.onErrorThrow);","            local.testCase_buildTest_default(options, local.onErrorThrow);","            local.testCase_buildCustomOrg_default(options, local.onErrorThrow);","            options = [];","            local.buildApp(options, onError);","        };","","        local.testCase_buildCustomOrg_default = local.testCase_buildCustomOrg_default ||","            function (options, onError) {","            /*","             * this function will test buildCustomOrg's default handling-behavior","             */","                options = {};","                local.buildCustomOrg(options, onError);","            };","","        local.testCase_buildLib_default = local.testCase_buildLib_default || function (","            options,","            onError","        ) {","        /*","         * this function will test buildLib's default handling-behavior","         */","            options = {};","            local.buildLib(options, onError);","        };","","        local.testCase_buildReadme_default = local.testCase_buildReadme_default || function (","            options,","            onError","        ) {","        /*","         * this function will test buildReadme's default handling-behavior-behavior","         */","            options = {};","            local.buildReadme(options, onError);","        };","","        local.testCase_buildTest_default = local.testCase_buildTest_default || function (","            options,","            onError","        ) {","        /*","         * this function will test buildTest's default handling-behavior","         */","            options = {};","            local.buildTest(options, onError);","        };","","        local.testCase_webpage_default = local.testCase_webpage_default || function (","            options,","            onError","        ) {","        /*","         * this function will test webpage's default handling-behavior","         */","            options = { modeCoverageMerge: true, url: local.serverLocalHost + '?modeTest=1' };","            local.browserTest(options, onError);","        };","","        // run test-server","        local.testRunServer(local);","        break;","    }","}());",""],"l":{"12":2,"14":2,"19":2,"21":2,"23":2,"24":2,"25":2,"30":1,"37":2,"40":2,"43":1,"47":1,"50":1,"52":1,"55":2,"61":2,"62":2,"64":2,"70":1,"76":1,"82":2,"83":2,"85":2,"91":1,"98":1,"102":1,"105":1,"112":1,"119":1,"120":1,"123":1,"130":1,"131":1,"132":1,"133":1,"134":1,"135":1,"138":1,"143":2,"144":2,"147":1,"154":2,"155":2,"158":1,"165":2,"166":2,"169":1,"176":2,"177":2,"180":1,"187":1,"188":1,"192":1,"193":1}},"/home/travis/build/npmtest/node-npmtest-recordrtc/lib.npmtest_recordrtc.js":{"path":"/home/travis/build/npmtest/node-npmtest-recordrtc/lib.npmtest_recordrtc.js","s":{"1":2,"2":2,"3":2,"4":2,"5":2,"6":2,"7":2,"8":1,"9":2,"10":2,"11":2,"12":2,"13":1,"14":1,"15":1,"16":1},"b":{"1":[2,1,1,1],"2":[1,1,1,1],"3":[1,1],"4":[2,2],"5":[1,1]},"f":{"1":2,"2":2,"3":2},"fnMap":{"1":{"name":"(anonymous_1)","line":12,"loc":{"start":{"line":12,"column":1},"end":{"line":12,"column":13}}},"2":{"name":"(anonymous_2)","line":19,"loc":{"start":{"line":19,"column":5},"end":{"line":19,"column":17}}},"3":{"name":"(anonymous_3)","line":23,"loc":{"start":{"line":23,"column":24},"end":{"line":23,"column":36}}}},"statementMap":{"1":{"start":{"line":12,"column":0},"end":{"line":53,"column":5}},"2":{"start":{"line":14,"column":4},"end":{"line":14,"column":14}},"3":{"start":{"line":19,"column":4},"end":{"line":52,"column":9}},"4":{"start":{"line":21,"column":8},"end":{"line":21,"column":19}},"5":{"start":{"line":23,"column":8},"end":{"line":35,"column":13}},"6":{"start":{"line":24,"column":12},"end":{"line":34,"column":13}},"7":{"start":{"line":25,"column":16},"end":{"line":28,"column":30}},"8":{"start":{"line":30,"column":16},"end":{"line":33,"column":27}},"9":{"start":{"line":37,"column":8},"end":{"line":39,"column":21}},"10":{"start":{"line":41,"column":8},"end":{"line":41,"column":54}},"11":{"start":{"line":43,"column":8},"end":{"line":43,"column":54}},"12":{"start":{"line":45,"column":8},"end":{"line":51,"column":9}},"13":{"start":{"line":46,"column":12},"end":{"line":46,"column":60}},"14":{"start":{"line":48,"column":12},"end":{"line":48,"column":35}},"15":{"start":{"line":49,"column":12},"end":{"line":49,"column":49}},"16":{"start":{"line":50,"column":12},"end":{"line":50,"column":43}}},"branchMap":{"1":{"line":25,"type":"binary-expr","locations":[{"start":{"line":25,"column":23},"end":{"line":25,"column":62}},{"start":{"line":26,"column":20},"end":{"line":26,"column":70}},{"start":{"line":27,"column":20},"end":{"line":27,"column":71}},{"start":{"line":28,"column":20},"end":{"line":28,"column":29}}]},"2":{"line":30,"type":"binary-expr","locations":[{"start":{"line":30,"column":23},"end":{"line":30,"column":37}},{"start":{"line":31,"column":20},"end":{"line":31,"column":61}},{"start":{"line":32,"column":20},"end":{"line":32,"column":70}},{"start":{"line":33,"column":20},"end":{"line":33,"column":26}}]},"3":{"line":37,"type":"cond-expr","locations":[{"start":{"line":38,"column":14},"end":{"line":38,"column":20}},{"start":{"line":39,"column":14},"end":{"line":39,"column":20}}]},"4":{"line":41,"type":"binary-expr","locations":[{"start":{"line":41,"column":16},"end":{"line":41,"column":44}},{"start":{"line":41,"column":48},"end":{"line":41,"column":53}}]},"5":{"line":45,"type":"if","locations":[{"start":{"line":45,"column":8},"end":{"line":45,"column":8}},{"start":{"line":45,"column":8},"end":{"line":45,"column":8}}]}},"code":["/* istanbul instrument in package npmtest_recordrtc */","/*jslint","    bitwise: true,","    browser: true,","    maxerr: 8,","    maxlen: 96,","    node: true,","    nomen: true,","    regexp: true,","    stupid: true","*/","(function () {","    'use strict';","    var local;","","","","    // run shared js-env code - pre-init","    (function () {","        // init local","        local = {};","        // init modeJs","        local.modeJs = (function () {","            try {","                return typeof navigator.userAgent === 'string' &&","                    typeof document.querySelector('body') === 'object' &&","                    typeof XMLHttpRequest.prototype.open === 'function' &&","                    'browser';","            } catch (errorCaughtBrowser) {","                return module.exports &&","                    typeof process.versions.node === 'string' &&","                    typeof require('http').createServer === 'function' &&","                    'node';","            }","        }());","        // init global","        local.global = local.modeJs === 'browser'","            ? window","            : global;","        // init utility2_rollup","        local = local.global.utility2_rollup || local;","        // init lib","        local.local = local.npmtest_recordrtc = local;","        // init exports","        if (local.modeJs === 'browser') {","            local.global.utility2_npmtest_recordrtc = local;","        } else {","            module.exports = local;","            module.exports.__dirname = __dirname;","            module.exports.module = module;","        }","    }());","}());",""],"l":{"12":2,"14":2,"19":2,"21":2,"23":2,"24":2,"25":2,"30":1,"37":2,"41":2,"43":2,"45":2,"46":1,"48":1,"49":1,"50":1}},"/home/travis/build/npmtest/node-npmtest-recordrtc/example.js":{"path":"/home/travis/build/npmtest/node-npmtest-recordrtc/example.js","s":{"1":2,"2":2,"3":2,"4":2,"5":2,"6":2,"7":2,"8":1,"9":2,"10":2,"11":2,"12":2,"13":1,"14":2,"15":2,"16":2,"17":2,"18":2,"19":0,"20":2,"21":1,"22":1,"23":1,"24":1,"25":1,"26":0,"27":0,"28":1,"29":1,"30":2,"31":0,"32":0,"33":0,"34":1,"35":2,"36":2,"37":3,"38":3,"39":3,"40":3,"41":0,"42":3,"43":3,"44":3,"45":1,"46":3,"47":1,"48":1,"49":1,"50":1,"51":1,"52":1,"53":1,"54":1,"55":1,"56":1,"57":0,"58":1,"59":6,"60":6,"61":1,"62":2,"63":0,"64":2,"65":1,"66":1,"67":0,"68":0,"69":0,"70":0,"71":0,"72":0,"73":0,"74":0,"75":0,"76":0,"77":0,"78":0,"79":0,"80":0,"81":0,"82":0,"83":0},"b":{"1":[2,1,1,1],"2":[1,1,1,1],"3":[1,1],"4":[2,2],"5":[1,1],"6":[1,1],"7":[2,0],"8":[2,1,1,1,1,1],"9":[0,2,0],"10":[1,1],"11":[2,1,1],"12":[1,0],"13":[0,2],"14":[2,0,0,0,0,0,0],"15":[0,3],"16":[3,0],"17":[1,1],"18":[0,1],"19":[1,2,0,2],"20":[1,0],"21":[1,1],"22":[0,0],"23":[0,0],"24":[0,0],"25":[0,0],"26":[0,0],"27":[0,0],"28":[0,0]},"f":{"1":2,"2":2,"3":2,"4":2,"5":2,"6":2,"7":3,"8":3,"9":3,"10":1,"11":6,"12":0},"fnMap":{"1":{"name":"(anonymous_1)","line":26,"loc":{"start":{"line":26,"column":1},"end":{"line":26,"column":13}}},"2":{"name":"(anonymous_2)","line":33,"loc":{"start":{"line":33,"column":5},"end":{"line":33,"column":17}}},"3":{"name":"(anonymous_3)","line":37,"loc":{"start":{"line":37,"column":24},"end":{"line":37,"column":36}}},"4":{"name":"(anonymous_4)","line":69,"loc":{"start":{"line":69,"column":31},"end":{"line":69,"column":48}},"skip":true},"5":{"name":"(anonymous_5)","line":78,"loc":{"start":{"line":78,"column":26},"end":{"line":78,"column":45}},"skip":true},"6":{"name":"(anonymous_6)","line":123,"loc":{"start":{"line":123,"column":33},"end":{"line":123,"column":48}},"skip":true},"7":{"name":"(anonymous_7)","line":125,"loc":{"start":{"line":125,"column":27},"end":{"line":125,"column":39}},"skip":true},"8":{"name":"(anonymous_8)","line":133,"loc":{"start":{"line":133,"column":59},"end":{"line":133,"column":74}},"skip":true},"9":{"name":"(anonymous_9)","line":143,"loc":{"start":{"line":143,"column":45},"end":{"line":143,"column":62}},"skip":true},"10":{"name":"(anonymous_10)","line":144,"loc":{"start":{"line":144,"column":73},"end":{"line":144,"column":92}},"skip":true},"11":{"name":"(anonymous_11)","line":272,"loc":{"start":{"line":272,"column":51},"end":{"line":272,"column":77}},"skip":true},"12":{"name":"(anonymous_12)","line":314,"loc":{"start":{"line":314,"column":32},"end":{"line":314,"column":61}},"skip":true}},"statementMap":{"1":{"start":{"line":26,"column":0},"end":{"line":325,"column":5}},"2":{"start":{"line":28,"column":4},"end":{"line":28,"column":14}},"3":{"start":{"line":33,"column":4},"end":{"line":60,"column":9}},"4":{"start":{"line":35,"column":8},"end":{"line":35,"column":19}},"5":{"start":{"line":37,"column":8},"end":{"line":49,"column":13}},"6":{"start":{"line":38,"column":12},"end":{"line":48,"column":13}},"7":{"start":{"line":39,"column":16},"end":{"line":42,"column":30}},"8":{"start":{"line":44,"column":16},"end":{"line":47,"column":27}},"9":{"start":{"line":51,"column":8},"end":{"line":53,"column":21}},"10":{"start":{"line":55,"column":8},"end":{"line":57,"column":45}},"11":{"start":{"line":59,"column":8},"end":{"line":59,"column":35}},"12":{"start":{"line":61,"column":4},"end":{"line":324,"column":5}},"13":{"start":{"line":69,"column":8},"end":{"line":121,"column":10},"skip":true},"14":{"start":{"line":70,"column":12},"end":{"line":88,"column":13},"skip":true},"15":{"start":{"line":76,"column":16},"end":{"line":87,"column":19},"skip":true},"16":{"start":{"line":79,"column":20},"end":{"line":86,"column":21},"skip":true},"17":{"start":{"line":82,"column":24},"end":{"line":82,"column":43},"skip":true},"18":{"start":{"line":83,"column":24},"end":{"line":83,"column":30},"skip":true},"19":{"start":{"line":85,"column":24},"end":{"line":85,"column":49},"skip":true},"20":{"start":{"line":89,"column":12},"end":{"line":107,"column":13},"skip":true},"21":{"start":{"line":92,"column":16},"end":{"line":102,"column":17},"skip":true},"22":{"start":{"line":93,"column":20},"end":{"line":93,"column":86},"skip":true},"23":{"start":{"line":94,"column":20},"end":{"line":95,"column":45},"skip":true},"24":{"start":{"line":96,"column":20},"end":{"line":96,"column":42},"skip":true},"25":{"start":{"line":97,"column":20},"end":{"line":97,"column":48},"skip":true},"26":{"start":{"line":100,"column":20},"end":{"line":100,"column":85},"skip":true},"27":{"start":{"line":101,"column":20},"end":{"line":101,"column":96},"skip":true},"28":{"start":{"line":103,"column":16},"end":{"line":103,"column":22},"skip":true},"29":{"start":{"line":106,"column":16},"end":{"line":106,"column":22},"skip":true},"30":{"start":{"line":108,"column":12},"end":{"line":120,"column":13},"skip":true},"31":{"start":{"line":114,"column":16},"end":{"line":119,"column":17},"skip":true},"32":{"start":{"line":116,"column":20},"end":{"line":116,"column":78},"skip":true},"33":{"start":{"line":118,"column":20},"end":{"line":118,"column":47},"skip":true},"34":{"start":{"line":123,"column":8},"end":{"line":141,"column":11},"skip":true},"35":{"start":{"line":124,"column":12},"end":{"line":124,"column":54},"skip":true},"36":{"start":{"line":125,"column":12},"end":{"line":140,"column":14},"skip":true},"37":{"start":{"line":126,"column":16},"end":{"line":126,"column":28},"skip":true},"38":{"start":{"line":127,"column":16},"end":{"line":127,"column":69},"skip":true},"39":{"start":{"line":128,"column":16},"end":{"line":128,"column":75},"skip":true},"40":{"start":{"line":129,"column":16},"end":{"line":131,"column":17},"skip":true},"41":{"start":{"line":130,"column":20},"end":{"line":130,"column":27},"skip":true},"42":{"start":{"line":133,"column":16},"end":{"line":137,"column":36},"skip":true},"43":{"start":{"line":134,"column":20},"end":{"line":136,"column":55},"skip":true},"44":{"start":{"line":139,"column":16},"end":{"line":139,"column":57},"skip":true},"45":{"start":{"line":143,"column":8},"end":{"line":147,"column":11},"skip":true},"46":{"start":{"line":144,"column":12},"end":{"line":146,"column":15},"skip":true},"47":{"start":{"line":145,"column":16},"end":{"line":145,"column":70},"skip":true},"48":{"start":{"line":149,"column":8},"end":{"line":149,"column":31},"skip":true},"49":{"start":{"line":150,"column":8},"end":{"line":150,"column":14},"skip":true},"50":{"start":{"line":158,"column":8},"end":{"line":158,"column":31},"skip":true},"51":{"start":{"line":160,"column":8},"end":{"line":160,"column":33},"skip":true},"52":{"start":{"line":161,"column":8},"end":{"line":161,"column":37},"skip":true},"53":{"start":{"line":162,"column":8},"end":{"line":162,"column":35},"skip":true},"54":{"start":{"line":164,"column":8},"end":{"line":164,"column":50},"skip":true},"55":{"start":{"line":166,"column":8},"end":{"line":256,"column":2},"skip":true},"56":{"start":{"line":258,"column":8},"end":{"line":286,"column":9},"skip":true},"57":{"start":{"line":259,"column":12},"end":{"line":269,"column":14},"skip":true},"58":{"start":{"line":271,"column":12},"end":{"line":285,"column":19},"skip":true},"59":{"start":{"line":274,"column":20},"end":{"line":274,"column":35},"skip":true},"60":{"start":{"line":275,"column":20},"end":{"line":284,"column":21},"skip":true},"61":{"start":{"line":277,"column":24},"end":{"line":277,"column":64},"skip":true},"62":{"start":{"line":279,"column":24},"end":{"line":279,"column":40},"skip":true},"63":{"start":{"line":281,"column":24},"end":{"line":281,"column":40},"skip":true},"64":{"start":{"line":283,"column":24},"end":{"line":283,"column":39},"skip":true},"65":{"start":{"line":288,"column":8},"end":{"line":290,"column":9},"skip":true},"66":{"start":{"line":289,"column":12},"end":{"line":289,"column":18},"skip":true},"67":{"start":{"line":291,"column":8},"end":{"line":293,"column":54},"skip":true},"68":{"start":{"line":294,"column":8},"end":{"line":301,"column":37},"skip":true},"69":{"start":{"line":302,"column":8},"end":{"line":302,"column":82},"skip":true},"70":{"start":{"line":305,"column":8},"end":{"line":307,"column":9},"skip":true},"71":{"start":{"line":306,"column":12},"end":{"line":306,"column":82},"skip":true},"72":{"start":{"line":309,"column":8},"end":{"line":311,"column":9},"skip":true},"73":{"start":{"line":310,"column":12},"end":{"line":310,"column":18},"skip":true},"74":{"start":{"line":312,"column":8},"end":{"line":312,"column":54},"skip":true},"75":{"start":{"line":313,"column":8},"end":{"line":313,"column":69},"skip":true},"76":{"start":{"line":314,"column":8},"end":{"line":322,"column":36},"skip":true},"77":{"start":{"line":315,"column":12},"end":{"line":315,"column":61},"skip":true},"78":{"start":{"line":316,"column":12},"end":{"line":319,"column":13},"skip":true},"79":{"start":{"line":317,"column":16},"end":{"line":317,"column":75},"skip":true},"80":{"start":{"line":318,"column":16},"end":{"line":318,"column":23},"skip":true},"81":{"start":{"line":320,"column":12},"end":{"line":320,"column":38},"skip":true},"82":{"start":{"line":321,"column":12},"end":{"line":321,"column":27},"skip":true},"83":{"start":{"line":323,"column":8},"end":{"line":323,"column":14},"skip":true}},"branchMap":{"1":{"line":39,"type":"binary-expr","locations":[{"start":{"line":39,"column":23},"end":{"line":39,"column":62}},{"start":{"line":40,"column":20},"end":{"line":40,"column":70}},{"start":{"line":41,"column":20},"end":{"line":41,"column":71}},{"start":{"line":42,"column":20},"end":{"line":42,"column":29}}]},"2":{"line":44,"type":"binary-expr","locations":[{"start":{"line":44,"column":23},"end":{"line":44,"column":37}},{"start":{"line":45,"column":20},"end":{"line":45,"column":61}},{"start":{"line":46,"column":20},"end":{"line":46,"column":70}},{"start":{"line":47,"column":20},"end":{"line":47,"column":26}}]},"3":{"line":51,"type":"cond-expr","locations":[{"start":{"line":52,"column":14},"end":{"line":52,"column":20}},{"start":{"line":53,"column":14},"end":{"line":53,"column":20}}]},"4":{"line":55,"type":"binary-expr","locations":[{"start":{"line":55,"column":16},"end":{"line":55,"column":44}},{"start":{"line":55,"column":49},"end":{"line":57,"column":43}}]},"5":{"line":55,"type":"cond-expr","locations":[{"start":{"line":56,"column":14},"end":{"line":56,"column":53}},{"start":{"line":57,"column":14},"end":{"line":57,"column":43}}]},"6":{"line":61,"type":"switch","locations":[{"start":{"line":68,"column":4},"end":{"line":150,"column":14},"skip":true},{"start":{"line":156,"column":4},"end":{"line":323,"column":14},"skip":true}]},"7":{"line":70,"type":"if","locations":[{"start":{"line":70,"column":12},"end":{"line":70,"column":12},"skip":true},{"start":{"line":70,"column":12},"end":{"line":70,"column":12},"skip":true}]},"8":{"line":70,"type":"binary-expr","locations":[{"start":{"line":70,"column":16},"end":{"line":70,"column":22},"skip":true},{"start":{"line":70,"column":27},"end":{"line":70,"column":32},"skip":true},{"start":{"line":71,"column":20},"end":{"line":71,"column":39},"skip":true},{"start":{"line":72,"column":20},"end":{"line":72,"column":49},"skip":true},{"start":{"line":73,"column":20},"end":{"line":73,"column":58},"skip":true},{"start":{"line":74,"column":20},"end":{"line":74,"column":69},"skip":true}]},"9":{"line":79,"type":"switch","locations":[{"start":{"line":80,"column":20},"end":{"line":80,"column":33},"skip":true},{"start":{"line":81,"column":20},"end":{"line":83,"column":30},"skip":true},{"start":{"line":84,"column":20},"end":{"line":85,"column":49},"skip":true}]},"10":{"line":89,"type":"switch","locations":[{"start":{"line":90,"column":12},"end":{"line":103,"column":22},"skip":true},{"start":{"line":105,"column":12},"end":{"line":106,"column":22},"skip":true}]},"11":{"line":89,"type":"binary-expr","locations":[{"start":{"line":89,"column":20},"end":{"line":89,"column":25},"skip":true},{"start":{"line":89,"column":29},"end":{"line":89,"column":48},"skip":true},{"start":{"line":89,"column":52},"end":{"line":89,"column":74},"skip":true}]},"12":{"line":92,"type":"if","locations":[{"start":{"line":92,"column":16},"end":{"line":92,"column":16},"skip":true},{"start":{"line":92,"column":16},"end":{"line":92,"column":16},"skip":true}]},"13":{"line":108,"type":"if","locations":[{"start":{"line":108,"column":12},"end":{"line":108,"column":12},"skip":true},{"start":{"line":108,"column":12},"end":{"line":108,"column":12},"skip":true}]},"14":{"line":108,"type":"binary-expr","locations":[{"start":{"line":108,"column":16},"end":{"line":108,"column":61},"skip":true},{"start":{"line":108,"column":66},"end":{"line":108,"column":72},"skip":true},{"start":{"line":108,"column":77},"end":{"line":108,"column":82},"skip":true},{"start":{"line":109,"column":20},"end":{"line":109,"column":39},"skip":true},{"start":{"line":110,"column":20},"end":{"line":110,"column":49},"skip":true},{"start":{"line":111,"column":20},"end":{"line":111,"column":58},"skip":true},{"start":{"line":112,"column":20},"end":{"line":112,"column":68},"skip":true}]},"15":{"line":129,"type":"if","locations":[{"start":{"line":129,"column":16},"end":{"line":129,"column":16},"skip":true},{"start":{"line":129,"column":16},"end":{"line":129,"column":16},"skip":true}]},"16":{"line":134,"type":"cond-expr","locations":[{"start":{"line":135,"column":26},"end":{"line":135,"column":29},"skip":true},{"start":{"line":136,"column":26},"end":{"line":136,"column":54},"skip":true}]},"17":{"line":164,"type":"binary-expr","locations":[{"start":{"line":164,"column":27},"end":{"line":164,"column":43},"skip":true},{"start":{"line":164,"column":47},"end":{"line":164,"column":49},"skip":true}]},"18":{"line":258,"type":"if","locations":[{"start":{"line":258,"column":8},"end":{"line":258,"column":8},"skip":true},{"start":{"line":258,"column":8},"end":{"line":258,"column":8},"skip":true}]},"19":{"line":275,"type":"switch","locations":[{"start":{"line":276,"column":20},"end":{"line":277,"column":64},"skip":true},{"start":{"line":278,"column":20},"end":{"line":279,"column":40},"skip":true},{"start":{"line":280,"column":20},"end":{"line":281,"column":40},"skip":true},{"start":{"line":282,"column":20},"end":{"line":283,"column":39},"skip":true}]},"20":{"line":288,"type":"if","locations":[{"start":{"line":288,"column":8},"end":{"line":288,"column":8},"skip":true},{"start":{"line":288,"column":8},"end":{"line":288,"column":8},"skip":true}]},"21":{"line":288,"type":"binary-expr","locations":[{"start":{"line":288,"column":12},"end":{"line":288,"column":40},"skip":true},{"start":{"line":288,"column":44},"end":{"line":288,"column":67},"skip":true}]},"22":{"line":292,"type":"binary-expr","locations":[{"start":{"line":292,"column":12},"end":{"line":292,"column":50},"skip":true},{"start":{"line":293,"column":12},"end":{"line":293,"column":53},"skip":true}]},"23":{"line":295,"type":"binary-expr","locations":[{"start":{"line":295,"column":12},"end":{"line":295,"column":67},"skip":true},{"start":{"line":296,"column":12},"end":{"line":301,"column":36},"skip":true}]},"24":{"line":302,"type":"binary-expr","locations":[{"start":{"line":302,"column":43},"end":{"line":302,"column":75},"skip":true},{"start":{"line":302,"column":79},"end":{"line":302,"column":81},"skip":true}]},"25":{"line":305,"type":"if","locations":[{"start":{"line":305,"column":8},"end":{"line":305,"column":8},"skip":true},{"start":{"line":305,"column":8},"end":{"line":305,"column":8},"skip":true}]},"26":{"line":309,"type":"if","locations":[{"start":{"line":309,"column":8},"end":{"line":309,"column":8},"skip":true},{"start":{"line":309,"column":8},"end":{"line":309,"column":8},"skip":true}]},"27":{"line":312,"type":"binary-expr","locations":[{"start":{"line":312,"column":27},"end":{"line":312,"column":43},"skip":true},{"start":{"line":312,"column":47},"end":{"line":312,"column":53},"skip":true}]},"28":{"line":316,"type":"if","locations":[{"start":{"line":316,"column":12},"end":{"line":316,"column":12},"skip":true},{"start":{"line":316,"column":12},"end":{"line":316,"column":12},"skip":true}]}},"code":["/*","example.js","","quickstart example","","instruction","    1. save this script as example.js","    2. run the shell command:","        $ npm install npmtest-recordrtc && PORT=8081 node example.js","    3. play with the browser-demo on http://127.0.0.1:8081","*/","","","","/* istanbul instrument in package npmtest_recordrtc */","/*jslint","    bitwise: true,","    browser: true,","    maxerr: 8,","    maxlen: 96,","    node: true,","    nomen: true,","    regexp: true,","    stupid: true","*/","(function () {","    'use strict';","    var local;","","","","    // run shared js-env code - pre-init","    (function () {","        // init local","        local = {};","        // init modeJs","        local.modeJs = (function () {","            try {","                return typeof navigator.userAgent === 'string' &&","                    typeof document.querySelector('body') === 'object' &&","                    typeof XMLHttpRequest.prototype.open === 'function' &&","                    'browser';","            } catch (errorCaughtBrowser) {","                return module.exports &&","                    typeof process.versions.node === 'string' &&","                    typeof require('http').createServer === 'function' &&","                    'node';","            }","        }());","        // init global","        local.global = local.modeJs === 'browser'","            ? window","            : global;","        // init utility2_rollup","        local = local.global.utility2_rollup || (local.modeJs === 'browser'","            ? local.global.utility2_npmtest_recordrtc","            : global.utility2_moduleExports);","        // export local","        local.global.local = local;","    }());","    switch (local.modeJs) {","","","","    // post-init","    // run browser js-env code - post-init","    /* istanbul ignore next */","    case 'browser':","        local.testRunBrowser = function (event) {","            if (!event || (event &&","                    event.currentTarget &&","                    event.currentTarget.className &&","                    event.currentTarget.className.includes &&","                    event.currentTarget.className.includes('onreset'))) {","                // reset output","                Array.from(","                    document.querySelectorAll('body > .resettable')","                ).forEach(function (element) {","                    switch (element.tagName) {","                    case 'INPUT':","                    case 'TEXTAREA':","                        element.value = '';","                        break;","                    default:","                        element.textContent = '';","                    }","                });","            }","            switch (event && event.currentTarget && event.currentTarget.id) {","            case 'testRunButton1':","                // show tests","                if (document.querySelector('#testReportDiv1').style.display === 'none') {","                    document.querySelector('#testReportDiv1').style.display = 'block';","                    document.querySelector('#testRunButton1').textContent =","                        'hide internal test';","                    local.modeTest = true;","                    local.testRunDefault(local);","                // hide tests","                } else {","                    document.querySelector('#testReportDiv1').style.display = 'none';","                    document.querySelector('#testRunButton1').textContent = 'run internal test';","                }","                break;","            // custom-case","            default:","                break;","            }","            if (document.querySelector('#inputTextareaEval1') && (!event || (event &&","                    event.currentTarget &&","                    event.currentTarget.className &&","                    event.currentTarget.className.includes &&","                    event.currentTarget.className.includes('oneval')))) {","                // try to eval input-code","                try {","                    /*jslint evil: true*/","                    eval(document.querySelector('#inputTextareaEval1').value);","                } catch (errorCaught) {","                    console.error(errorCaught);","                }","            }","        };","        // log stderr and stdout to #outputTextareaStdout1","        ['error', 'log'].forEach(function (key) {","            console[key + '_original'] = console[key];","            console[key] = function () {","                var element;","                console[key + '_original'].apply(console, arguments);","                element = document.querySelector('#outputTextareaStdout1');","                if (!element) {","                    return;","                }","                // append text to #outputTextareaStdout1","                element.value += Array.from(arguments).map(function (arg) {","                    return typeof arg === 'string'","                        ? arg","                        : JSON.stringify(arg, null, 4);","                }).join(' ') + '\\n';","                // scroll textarea to bottom","                element.scrollTop = element.scrollHeight;","            };","        });","        // init event-handling","        ['change', 'click', 'keyup'].forEach(function (event) {","            Array.from(document.querySelectorAll('.on' + event)).forEach(function (element) {","                element.addEventListener(event, local.testRunBrowser);","            });","        });","        // run tests","        local.testRunBrowser();","        break;","","","","    // run node js-env code - post-init","    /* istanbul ignore next */","    case 'node':","        // export local","        module.exports = local;","        // require modules","        local.fs = require('fs');","        local.http = require('http');","        local.url = require('url');","        // init assets","        local.assetsDict = local.assetsDict || {};","        /* jslint-ignore-begin */","        local.assetsDict['/assets.index.template.html'] = '\\","<!doctype html>\\n\\","<html lang=\"en\">\\n\\","<head>\\n\\","<meta charset=\"UTF-8\">\\n\\","<meta name=\"viewport\" content=\"width=device-width, initial-scale=1\">\\n\\","<title>{{env.npm_package_name}} (v{{env.npm_package_version}})</title>\\n\\","<style>\\n\\","/*csslint\\n\\","    box-sizing: false,\\n\\","    universal-selector: false\\n\\","*/\\n\\","* {\\n\\","    box-sizing: border-box;\\n\\","}\\n\\","body {\\n\\","    background: #dde;\\n\\","    font-family: Arial, Helvetica, sans-serif;\\n\\","    margin: 2rem;\\n\\","}\\n\\","body > * {\\n\\","    margin-bottom: 1rem;\\n\\","}\\n\\",".utility2FooterDiv {\\n\\","    margin-top: 20px;\\n\\","    text-align: center;\\n\\","}\\n\\","</style>\\n\\","<style>\\n\\","/*csslint\\n\\","*/\\n\\","textarea {\\n\\","    font-family: monospace;\\n\\","    height: 10rem;\\n\\","    width: 100%;\\n\\","}\\n\\","textarea[readonly] {\\n\\","    background: #ddd;\\n\\","}\\n\\","</style>\\n\\","</head>\\n\\","<body>\\n\\","<!-- utility2-comment\\n\\","<div id=\"ajaxProgressDiv1\" style=\"background: #d00; height: 2px; left: 0; margin: 0; padding: 0; position: fixed; top: 0; transition: background 0.5s, width 1.5s; width: 25%;\"></div>\\n\\","utility2-comment -->\\n\\","<h1>\\n\\","<!-- utility2-comment\\n\\","    <a\\n\\","        {{#if env.npm_package_homepage}}\\n\\","        href=\"{{env.npm_package_homepage}}\"\\n\\","        {{/if env.npm_package_homepage}}\\n\\","        target=\"_blank\"\\n\\","    >\\n\\","utility2-comment -->\\n\\","        {{env.npm_package_name}} (v{{env.npm_package_version}})\\n\\","<!-- utility2-comment\\n\\","    </a>\\n\\","utility2-comment -->\\n\\","</h1>\\n\\","<h3>{{env.npm_package_description}}</h3>\\n\\","<!-- utility2-comment\\n\\","<h4><a download href=\"assets.app.js\">download standalone app</a></h4>\\n\\","<button class=\"onclick onreset\" id=\"testRunButton1\">run internal test</button><br>\\n\\","<div id=\"testReportDiv1\" style=\"display: none;\"></div>\\n\\","utility2-comment -->\\n\\","\\n\\","\\n\\","\\n\\","<label>stderr and stdout</label>\\n\\","<textarea class=\"resettable\" id=\"outputTextareaStdout1\" readonly></textarea>\\n\\","<!-- utility2-comment\\n\\","{{#if isRollup}}\\n\\","<script src=\"assets.app.js\"></script>\\n\\","{{#unless isRollup}}\\n\\","utility2-comment -->\\n\\","<script src=\"assets.utility2.rollup.js\"></script>\\n\\","<script src=\"jsonp.utility2._stateInit?callback=window.utility2._stateInit\"></script>\\n\\","<script src=\"assets.npmtest_recordrtc.rollup.js\"></script>\\n\\","<script src=\"assets.example.js\"></script>\\n\\","<script src=\"assets.test.js\"></script>\\n\\","<!-- utility2-comment\\n\\","{{/if isRollup}}\\n\\","utility2-comment -->\\n\\","<div class=\"utility2FooterDiv\">\\n\\","    [ this app was created with\\n\\","    <a href=\"https://github.com/kaizhu256/node-utility2\" target=\"_blank\">utility2</a>\\n\\","    ]\\n\\","</div>\\n\\","</body>\\n\\","</html>\\n\\","';","        /* jslint-ignore-end */","        if (local.templateRender) {","            local.assetsDict['/'] = local.templateRender(","                local.assetsDict['/assets.index.template.html'],","                {","                    env: local.objectSetDefault(local.env, {","                        npm_package_description: 'the greatest app in the world!',","                        npm_package_name: 'my-app',","                        npm_package_nameAlias: 'my_app',","                        npm_package_version: '0.0.1'","                    })","                }","            );","        } else {","            local.assetsDict['/'] = local.assetsDict['/assets.index.template.html']","                .replace((/\\{\\{env\\.(\\w+?)\\}\\}/g), function (match0, match1) {","                    // jslint-hack","                    String(match0);","                    switch (match1) {","                    case 'npm_package_description':","                        return 'the greatest app in the world!';","                    case 'npm_package_name':","                        return 'my-app';","                    case 'npm_package_nameAlias':","                        return 'my_app';","                    case 'npm_package_version':","                        return '0.0.1';","                    }","                });","        }","        // run the cli","        if (local.global.utility2_rollup || module !== require.main) {","            break;","        }","        local.assetsDict['/assets.example.js'] =","            local.assetsDict['/assets.example.js'] ||","            local.fs.readFileSync(__filename, 'utf8');","        local.assetsDict['/assets.npmtest_recordrtc.rollup.js'] =","            local.assetsDict['/assets.npmtest_recordrtc.rollup.js'] ||","            local.fs.readFileSync(","                // buildCustomOrg-hack","                local.npmtest_recordrtc.__dirname +","                    '/lib.npmtest_recordrtc.js',","                'utf8'","            ).replace((/^#!/), '//');","        local.assetsDict['/favicon.ico'] = local.assetsDict['/favicon.ico'] || '';","        // if $npm_config_timeout_exit exists,","        // then exit this process after $npm_config_timeout_exit ms","        if (Number(process.env.npm_config_timeout_exit)) {","            setTimeout(process.exit, Number(process.env.npm_config_timeout_exit));","        }","        // start server","        if (local.global.utility2_serverHttp1) {","            break;","        }","        process.env.PORT = process.env.PORT || '8081';","        console.error('server starting on port ' + process.env.PORT);","        local.http.createServer(function (request, response) {","            request.urlParsed = local.url.parse(request.url);","            if (local.assetsDict[request.urlParsed.pathname] !== undefined) {","                response.end(local.assetsDict[request.urlParsed.pathname]);","                return;","            }","            response.statusCode = 404;","            response.end();","        }).listen(process.env.PORT);","        break;","    }","}());",""],"l":{"26":2,"28":2,"33":2,"35":2,"37":2,"38":2,"39":2,"44":1,"51":2,"55":2,"59":2,"61":2,"69":1,"70":2,"76":2,"79":2,"82":2,"83":2,"85":1,"89":2,"92":1,"93":1,"94":1,"96":1,"97":1,"100":1,"101":1,"103":1,"106":1,"108":2,"114":1,"116":1,"118":1,"123":1,"124":2,"125":2,"126":3,"127":3,"128":3,"129":3,"130":1,"133":3,"134":3,"139":3,"143":1,"144":3,"145":1,"149":1,"150":1,"158":1,"160":1,"161":1,"162":1,"164":1,"166":1,"258":1,"259":1,"271":1,"274":6,"275":6,"277":1,"279":2,"281":1,"283":2,"288":1,"289":1,"291":1,"294":1,"302":1,"305":1,"306":1,"309":1,"310":1,"312":1,"313":1,"314":1,"315":1,"316":1,"317":1,"318":1,"320":1,"321":1,"323":1}},"/home/travis/build/npmtest/node-npmtest-recordrtc/node_modules/recordrtc/RecordRTC.js":{"path":"/home/travis/build/npmtest/node-npmtest-recordrtc/node_modules/recordrtc/RecordRTC.js","s":{"1":1,"2":0,"3":0,"4":0,"5":0,"6":0,"7":1,"8":0,"9":0,"10":0,"11":0,"12":0,"13":0,"14":0,"15":0,"16":0,"17":0,"18":0,"19":0,"20":1,"21":0,"22":0,"23":0,"24":0,"25":0,"26":0,"27":0,"28":0,"29":0,"30":1,"31":0,"32":0,"33":0,"34":0,"35":0,"36":0,"37":0,"38":0,"39":0,"40":1,"41":0,"42":0,"43":0,"44":0,"45":0,"46":0,"47":0,"48":0,"49":0,"50":0,"51":0,"52":0,"53":0,"54":0,"55":0,"56":0,"57":0,"58":0,"59":0,"60":0,"61":0,"62":1,"63":0,"64":0,"65":0,"66":0,"67":0,"68":1,"69":0,"70":0,"71":0,"72":0,"73":0,"74":1,"75":0,"76":1,"77":0,"78":0,"79":0,"80":0,"81":0,"82":0,"83":0,"84":0,"85":0,"86":0,"87":0,"88":0,"89":0,"90":0,"91":0,"92":0,"93":0,"94":0,"95":1,"96":0,"97":0,"98":0,"99":0,"100":1,"101":0,"102":0,"103":0,"104":0,"105":0,"106":0,"107":0,"108":0,"109":0,"110":0,"111":0,"112":0,"113":0,"114":0,"115":0,"116":0,"117":0,"118":0,"119":0,"120":0,"121":0,"122":0,"123":0,"124":0,"125":0,"126":0,"127":0,"128":0,"129":0,"130":0,"131":0,"132":0,"133":0,"134":0,"135":0,"136":0,"137":0,"138":0,"139":0,"140":0,"141":0,"142":1,"143":0,"144":0,"145":0,"146":0,"147":0,"148":0,"149":0,"150":0,"151":1,"152":0,"153":0,"154":0,"155":0,"156":0,"157":0,"158":0,"159":0,"160":0,"161":0,"162":0,"163":0,"164":0,"165":0,"166":0,"167":0,"168":0,"169":0,"170":0,"171":0,"172":0,"173":0,"174":0,"175":0,"176":0,"177":0,"178":0,"179":0,"180":1,"181":1,"182":1,"183":0,"184":0,"185":1,"186":0,"187":0,"188":0,"189":0,"190":0,"191":0,"192":0,"193":0,"194":0,"195":0,"196":0,"197":0,"198":0,"199":0,"200":0,"201":0,"202":0,"203":0,"204":0,"205":0,"206":0,"207":0,"208":0,"209":0,"210":0,"211":0,"212":1,"213":0,"214":0,"215":0,"216":0,"217":0,"218":0,"219":0,"220":0,"221":0,"222":0,"223":0,"224":0,"225":0,"226":0,"227":0,"228":0,"229":0,"230":0,"231":0,"232":0,"233":0,"234":0,"235":0,"236":0,"237":0,"238":1,"239":0,"240":0,"241":0,"242":0,"243":0,"244":0,"245":0,"246":0,"247":0,"248":0,"249":0,"250":0,"251":0,"252":0,"253":0,"254":0,"255":0,"256":0,"257":0,"258":0,"259":0,"260":0,"261":0,"262":0,"263":0,"264":0,"265":0,"266":0,"267":0,"268":0,"269":0,"270":0,"271":0,"272":0,"273":0,"274":0,"275":0,"276":0,"277":0,"278":0,"279":0,"280":0,"281":0,"282":0,"283":0,"284":0,"285":0,"286":0,"287":0,"288":0,"289":0,"290":0,"291":0,"292":0,"293":0,"294":0,"295":0,"296":0,"297":0,"298":0,"299":0,"300":0,"301":0,"302":0,"303":0,"304":0,"305":0,"306":0,"307":0,"308":0,"309":0,"310":0,"311":0,"312":0,"313":0,"314":0,"315":0,"316":0,"317":0,"318":0,"319":0,"320":0,"321":0,"322":0,"323":0,"324":0,"325":0,"326":0,"327":0,"328":0,"329":0,"330":0,"331":0,"332":0,"333":0,"334":0,"335":0,"336":0,"337":0,"338":0,"339":1,"340":0,"341":0,"342":0,"343":0,"344":0,"345":0,"346":0,"347":0,"348":0,"349":0,"350":1,"351":0,"352":0,"353":0,"354":0,"355":0,"356":0,"357":0,"358":0,"359":0,"360":0,"361":0,"362":0,"363":0,"364":0,"365":0,"366":0,"367":0,"368":0,"369":0,"370":0,"371":1,"372":1,"373":1,"374":1,"375":1,"376":1,"377":1,"378":0,"379":1,"380":0,"381":1,"382":0,"383":1,"384":1,"385":0,"386":1,"387":1,"388":0,"389":1,"390":1,"391":1,"392":0,"393":0,"394":0,"395":0,"396":1,"397":1,"398":1,"399":1,"400":1,"401":1,"402":1,"403":0,"404":0,"405":1,"406":1,"407":1,"408":1,"409":0,"410":1,"411":0,"412":1,"413":1,"414":1,"415":0,"416":1,"417":0,"418":1,"419":1,"420":1,"421":0,"422":1,"423":0,"424":1,"425":1,"426":0,"427":1,"428":0,"429":0,"430":0,"431":0,"432":1,"433":1,"434":1,"435":1,"436":1,"437":0,"438":1,"439":0,"440":0,"441":0,"442":0,"443":0,"444":0,"445":0,"446":0,"447":0,"448":0,"449":0,"450":0,"451":0,"452":0,"453":0,"454":0,"455":0,"456":0,"457":0,"458":0,"459":0,"460":0,"461":0,"462":0,"463":0,"464":1,"465":0,"466":0,"467":0,"468":0,"469":0,"470":0,"471":1,"472":0,"473":0,"474":0,"475":0,"476":0,"477":0,"478":0,"479":0,"480":0,"481":0,"482":0,"483":0,"484":0,"485":0,"486":0,"487":0,"488":0,"489":0,"490":0,"491":0,"492":0,"493":0,"494":0,"495":0,"496":0,"497":0,"498":0,"499":1,"500":1,"501":0,"502":1,"503":0,"504":1,"505":1,"506":1,"507":0,"508":0,"509":0,"510":0,"511":0,"512":0,"513":0,"514":0,"515":0,"516":0,"517":0,"518":0,"519":0,"520":0,"521":0,"522":0,"523":0,"524":0,"525":0,"526":0,"527":0,"528":0,"529":1,"530":0,"531":0,"532":0,"533":0,"534":0,"535":0,"536":0,"537":0,"538":0,"539":0,"540":0,"541":0,"542":0,"543":0,"544":0,"545":0,"546":0,"547":0,"548":0,"549":0,"550":0,"551":0,"552":0,"553":0,"554":0,"555":0,"556":0,"557":0,"558":0,"559":0,"560":0,"561":0,"562":0,"563":0,"564":0,"565":0,"566":0,"567":0,"568":0,"569":0,"570":0,"571":0,"572":0,"573":0,"574":0,"575":0,"576":0,"577":0,"578":0,"579":0,"580":0,"581":0,"582":0,"583":0,"584":0,"585":0,"586":0,"587":0,"588":0,"589":0,"590":0,"591":0,"592":0,"593":0,"594":0,"595":0,"596":0,"597":0,"598":0,"599":0,"600":0,"601":0,"602":0,"603":0,"604":0,"605":0,"606":0,"607":0,"608":0,"609":0,"610":0,"611":0,"612":0,"613":0,"614":0,"615":0,"616":0,"617":0,"618":0,"619":0,"620":0,"621":0,"622":0,"623":0,"624":0,"625":0,"626":0,"627":0,"628":0,"629":0,"630":1,"631":0,"632":0,"633":0,"634":0,"635":0,"636":0,"637":0,"638":0,"639":0,"640":0,"641":0,"642":0,"643":0,"644":0,"645":0,"646":0,"647":0,"648":1,"649":1,"650":1,"651":0,"652":0,"653":0,"654":0,"655":0,"656":0,"657":0,"658":0,"659":0,"660":0,"661":0,"662":0,"663":0,"664":0,"665":0,"666":0,"667":1,"668":0,"669":0,"670":0,"671":0,"672":0,"673":0,"674":0,"675":0,"676":0,"677":0,"678":0,"679":0,"680":0,"681":0,"682":0,"683":0,"684":1,"685":1,"686":0,"687":0,"688":0,"689":0,"690":0,"691":0,"692":0,"693":0,"694":0,"695":0,"696":1,"697":0,"698":0,"699":0,"700":0,"701":0,"702":0,"703":0,"704":0,"705":1,"706":0,"707":0,"708":0,"709":0,"710":0,"711":0,"712":0,"713":0,"714":1,"715":0,"716":0,"717":0,"718":0,"719":0,"720":0,"721":0,"722":0,"723":0,"724":0,"725":0,"726":0,"727":0,"728":0,"729":0,"730":0,"731":0,"732":0,"733":0,"734":0,"735":0,"736":0,"737":0,"738":0,"739":0,"740":0,"741":0,"742":0,"743":0,"744":0,"745":0,"746":0,"747":0,"748":0,"749":0,"750":0,"751":0,"752":0,"753":0,"754":0,"755":0,"756":0,"757":0,"758":1,"759":0,"760":0,"761":0,"762":0,"763":0,"764":0,"765":0,"766":0,"767":0,"768":0,"769":0,"770":0,"771":0,"772":0,"773":0,"774":0,"775":0,"776":0,"777":0,"778":0,"779":0,"780":0,"781":0,"782":0,"783":0,"784":0,"785":0,"786":0,"787":0,"788":0,"789":0,"790":0,"791":0,"792":0,"793":0,"794":0,"795":0,"796":0,"797":0,"798":0,"799":0,"800":0,"801":0,"802":0,"803":0,"804":0,"805":0,"806":0,"807":0,"808":0,"809":0,"810":0,"811":0,"812":0,"813":0,"814":0,"815":0,"816":1,"817":0,"818":0,"819":0,"820":0,"821":0,"822":0,"823":0,"824":0,"825":0,"826":0,"827":0,"828":0,"829":0,"830":0,"831":0,"832":0,"833":0,"834":0,"835":0,"836":0,"837":0,"838":0,"839":0,"840":0,"841":1,"842":1,"843":1,"844":0,"845":0,"846":0,"847":0,"848":0,"849":0,"850":0,"851":0,"852":0,"853":0,"854":0,"855":0,"856":0,"857":0,"858":0,"859":0,"860":0,"861":0,"862":0,"863":0,"864":0,"865":0,"866":0,"867":0,"868":0,"869":0,"870":0,"871":0,"872":0,"873":0,"874":0,"875":0,"876":0,"877":0,"878":0,"879":0,"880":0,"881":0,"882":0,"883":0,"884":0,"885":0,"886":0,"887":0,"888":0,"889":0,"890":0,"891":0,"892":0,"893":0,"894":0,"895":0,"896":0,"897":0,"898":0,"899":0,"900":0,"901":0,"902":0,"903":0,"904":0,"905":0,"906":0,"907":0,"908":0,"909":0,"910":0,"911":0,"912":0,"913":0,"914":0,"915":0,"916":0,"917":0,"918":0,"919":0,"920":0,"921":0,"922":0,"923":0,"924":0,"925":0,"926":0,"927":0,"928":0,"929":0,"930":0,"931":0,"932":0,"933":0,"934":0,"935":0,"936":0,"937":0,"938":1,"939":0,"940":0,"941":0,"942":0,"943":0,"944":0,"945":1,"946":0,"947":0,"948":0,"949":0,"950":0,"951":0,"952":0,"953":0,"954":0,"955":0,"956":0,"957":0,"958":0,"959":0,"960":0,"961":0,"962":0,"963":0,"964":0,"965":0,"966":1,"967":1,"968":1,"969":0,"970":0,"971":0,"972":0,"973":0,"974":0,"975":0,"976":0,"977":0,"978":0,"979":0,"980":0,"981":0,"982":0,"983":0,"984":0,"985":0,"986":0,"987":0,"988":0,"989":0,"990":0,"991":0,"992":0,"993":0,"994":0,"995":0,"996":0,"997":0,"998":0,"999":0,"1000":0,"1001":0,"1002":0,"1003":0,"1004":0,"1005":0,"1006":0,"1007":1,"1008":0,"1009":0,"1010":0,"1011":0,"1012":0,"1013":0,"1014":0,"1015":0,"1016":0,"1017":0,"1018":0,"1019":0,"1020":0,"1021":0,"1022":1,"1023":0,"1024":0,"1025":0,"1026":0,"1027":0,"1028":0,"1029":0,"1030":0,"1031":1,"1032":0,"1033":0,"1034":0,"1035":0,"1036":0,"1037":0,"1038":0,"1039":0,"1040":0,"1041":0,"1042":0,"1043":0,"1044":0,"1045":0,"1046":0,"1047":0,"1048":0,"1049":0,"1050":0,"1051":0,"1052":0,"1053":0,"1054":0,"1055":0,"1056":0,"1057":0,"1058":0,"1059":0,"1060":0,"1061":0,"1062":0,"1063":0,"1064":0,"1065":0,"1066":0,"1067":0,"1068":0,"1069":0,"1070":0,"1071":0,"1072":0,"1073":0,"1074":0,"1075":0,"1076":0,"1077":0,"1078":0,"1079":0,"1080":0,"1081":0,"1082":0,"1083":0,"1084":0,"1085":0,"1086":0,"1087":0,"1088":0,"1089":0,"1090":0,"1091":0,"1092":0,"1093":0,"1094":0,"1095":0,"1096":0,"1097":0,"1098":0,"1099":0,"1100":0,"1101":0,"1102":1,"1103":1,"1104":1,"1105":1,"1106":0,"1107":0,"1108":0,"1109":1,"1110":0,"1111":0,"1112":0,"1113":0,"1114":0,"1115":0,"1116":0,"1117":1,"1118":0,"1119":0,"1120":0,"1121":0,"1122":1,"1123":1,"1124":0,"1125":0,"1126":0,"1127":0,"1128":0,"1129":0,"1130":0,"1131":0,"1132":0,"1133":0,"1134":0,"1135":0,"1136":0,"1137":0,"1138":0,"1139":0,"1140":0,"1141":0,"1142":0,"1143":1,"1144":0,"1145":0,"1146":0,"1147":0,"1148":1,"1149":0,"1150":0,"1151":0,"1152":0,"1153":0,"1154":0,"1155":0,"1156":1,"1157":0,"1158":0,"1159":0,"1160":0,"1161":0,"1162":1,"1163":0,"1164":0,"1165":1,"1166":0,"1167":0,"1168":0,"1169":0,"1170":0,"1171":0,"1172":1,"1173":0,"1174":0,"1175":0,"1176":0,"1177":0,"1178":0,"1179":0,"1180":0,"1181":0,"1182":0,"1183":0,"1184":0,"1185":0,"1186":0,"1187":0,"1188":0,"1189":0,"1190":0,"1191":1,"1192":0,"1193":0,"1194":0,"1195":0,"1196":0,"1197":0,"1198":1,"1199":0,"1200":0,"1201":0,"1202":0,"1203":0,"1204":0,"1205":0,"1206":0,"1207":0,"1208":0,"1209":0,"1210":0,"1211":0,"1212":0,"1213":1,"1214":0,"1215":0,"1216":0,"1217":0,"1218":0,"1219":0,"1220":0,"1221":0,"1222":0,"1223":0,"1224":1,"1225":0,"1226":0,"1227":0,"1228":1,"1229":0,"1230":0,"1231":0,"1232":0,"1233":0,"1234":0,"1235":0,"1236":0,"1237":0,"1238":0,"1239":0,"1240":0,"1241":1,"1242":0,"1243":0,"1244":0,"1245":0,"1246":0,"1247":0,"1248":0,"1249":1,"1250":0,"1251":0,"1252":0,"1253":0,"1254":0,"1255":0,"1256":0,"1257":1,"1258":1,"1259":1,"1260":1,"1261":0,"1262":0,"1263":0,"1264":0,"1265":0,"1266":0,"1267":0,"1268":1,"1269":0,"1270":1,"1271":0,"1272":0,"1273":0,"1274":0,"1275":0,"1276":0,"1277":0,"1278":1,"1279":0,"1280":0,"1281":0,"1282":0,"1283":0,"1284":0,"1285":0,"1286":0,"1287":0,"1288":0,"1289":0,"1290":0,"1291":0,"1292":0,"1293":0,"1294":0,"1295":0,"1296":0,"1297":0,"1298":0,"1299":0,"1300":0,"1301":0,"1302":0,"1303":0,"1304":0,"1305":0,"1306":0,"1307":0,"1308":1,"1309":1,"1310":1,"1311":0,"1312":0,"1313":0,"1314":0,"1315":0,"1316":0,"1317":0,"1318":0,"1319":0,"1320":0,"1321":0,"1322":0,"1323":0,"1324":0,"1325":0,"1326":0,"1327":0,"1328":0,"1329":0,"1330":0,"1331":0,"1332":0,"1333":0,"1334":0,"1335":0,"1336":1,"1337":0,"1338":0,"1339":0,"1340":0,"1341":0,"1342":0,"1343":0,"1344":0,"1345":0,"1346":0,"1347":0,"1348":0,"1349":0,"1350":0,"1351":0,"1352":0,"1353":0,"1354":0,"1355":0,"1356":0,"1357":0,"1358":0,"1359":0,"1360":0,"1361":0,"1362":0,"1363":0,"1364":0,"1365":0,"1366":0,"1367":0,"1368":0,"1369":0,"1370":0,"1371":0,"1372":0,"1373":0,"1374":0,"1375":0,"1376":0,"1377":0,"1378":0,"1379":0,"1380":0,"1381":0,"1382":0,"1383":0,"1384":0,"1385":0,"1386":0,"1387":0,"1388":0,"1389":0,"1390":0,"1391":0,"1392":1,"1393":1,"1394":1,"1395":0,"1396":0,"1397":0,"1398":0,"1399":0,"1400":0,"1401":0,"1402":0,"1403":0,"1404":0,"1405":0,"1406":0,"1407":0,"1408":0,"1409":0,"1410":0,"1411":0,"1412":0,"1413":0,"1414":0,"1415":0,"1416":0,"1417":0,"1418":0,"1419":0,"1420":0,"1421":0,"1422":0,"1423":0,"1424":0,"1425":1,"1426":0,"1427":0,"1428":0,"1429":0,"1430":0,"1431":0,"1432":0,"1433":0,"1434":0,"1435":0,"1436":0,"1437":0,"1438":0,"1439":0,"1440":0,"1441":0,"1442":1,"1443":0,"1444":0,"1445":0,"1446":0,"1447":0,"1448":0,"1449":0,"1450":0,"1451":0,"1452":0,"1453":0,"1454":0,"1455":0,"1456":0,"1457":0,"1458":1,"1459":0,"1460":0,"1461":0,"1462":0,"1463":0,"1464":1,"1465":0,"1466":0,"1467":0,"1468":0,"1469":0,"1470":0,"1471":0,"1472":0,"1473":0,"1474":0,"1475":0,"1476":0,"1477":0,"1478":0,"1479":0,"1480":0,"1481":0,"1482":0,"1483":0,"1484":0,"1485":0,"1486":0,"1487":0,"1488":0,"1489":0,"1490":0,"1491":0,"1492":0,"1493":0,"1494":0,"1495":0,"1496":0,"1497":0,"1498":0,"1499":0,"1500":0,"1501":0,"1502":0,"1503":0,"1504":0,"1505":0,"1506":0,"1507":0,"1508":0,"1509":0,"1510":0,"1511":0,"1512":0,"1513":0,"1514":0,"1515":0,"1516":0,"1517":0,"1518":1,"1519":1},"b":{"1":[0,0],"2":[0,0],"3":[0,0],"4":[0,0],"5":[0,0],"6":[0,0],"7":[0,0],"8":[0,0],"9":[0,0],"10":[0,0],"11":[0,0],"12":[0,0],"13":[0,0],"14":[0,0],"15":[0,0],"16":[0,0],"17":[0,0],"18":[0,0],"19":[0,0],"20":[0,0],"21":[0,0],"22":[0,0],"23":[0,0],"24":[0,0],"25":[0,0],"26":[0,0],"27":[0,0],"28":[0,0],"29":[0,0],"30":[0,0],"31":[0,0],"32":[0,0],"33":[0,0],"34":[0,0],"35":[0,0],"36":[0,0],"37":[0,0],"38":[0,0],"39":[0,0],"40":[0,0],"41":[0,0],"42":[0,0],"43":[0,0],"44":[0,0,0],"45":[0,0],"46":[0,0],"47":[0,0],"48":[0,0],"49":[0,0,0],"50":[0,0],"51":[0,0],"52":[0,0],"53":[0,0],"54":[0,0],"55":[0,0],"56":[0,0],"57":[0,0],"58":[0,0],"59":[1,0],"60":[0,1],"61":[1,0],"62":[0,0],"63":[0,0],"64":[0,0],"65":[0,0],"66":[0,0],"67":[0,0],"68":[0,0],"69":[0,0],"70":[0,0],"71":[0,0],"72":[0,0],"73":[0,0],"74":[0,0],"75":[0,0],"76":[0,0,0],"77":[0,0],"78":[0,0],"79":[0,0],"80":[0,0],"81":[0,0],"82":[0,0],"83":[0,0],"84":[0,0,0],"85":[0,0],"86":[0,0,0],"87":[0,0],"88":[0,0,0],"89":[0,0],"90":[0,0],"91":[0,0],"92":[0,0,0,0,0],"93":[0,0],"94":[0,0,0,0],"95":[0,0],"96":[0,0],"97":[0,0],"98":[0,0],"99":[0,0],"100":[0,0],"101":[0,0],"102":[0,0],"103":[0,0],"104":[0,0,0],"105":[0,0],"106":[0,0],"107":[0,0],"108":[0,0],"109":[0,0,0,0],"110":[0,0],"111":[0,0,0,0],"112":[0,0],"113":[0,0],"114":[0,0],"115":[0,0],"116":[0,0],"117":[0,0],"118":[0,0],"119":[0,0],"120":[0,0],"121":[0,0,0],"122":[0,0],"123":[0,0],"124":[0,0],"125":[0,0],"126":[0,0],"127":[0,0],"128":[0,0],"129":[0,0],"130":[0,0],"131":[0,0],"132":[0,0],"133":[0,0],"134":[0,0],"135":[0,0],"136":[0,0],"137":[0,0],"138":[0,0],"139":[0,0],"140":[0,0],"141":[0,0],"142":[0,0],"143":[0,0],"144":[0,0],"145":[0,0],"146":[0,0],"147":[0,0],"148":[0,0],"149":[0,0],"150":[0,0],"151":[0,0],"152":[0,0],"153":[0,0],"154":[0,0],"155":[0,0],"156":[0,0],"157":[0,0],"158":[0,0],"159":[0,0],"160":[0,0],"161":[0,0],"162":[0,0],"163":[0,0],"164":[0,0],"165":[1,0],"166":[0,1],"167":[0,1],"168":[0,1],"169":[0,1],"170":[1,0],"171":[1,0],"172":[1,0],"173":[1,0],"174":[1,0],"175":[1,0],"176":[1,0],"177":[1,0],"178":[0,1],"179":[0,1],"180":[1,0],"181":[0,1],"182":[0,1],"183":[1,0],"184":[0,1],"185":[0,1],"186":[0,1],"187":[1,0],"188":[0,1],"189":[1,1],"190":[0,0],"191":[0,0],"192":[1,0,0],"193":[1,1],"194":[1,1,1],"195":[0,1],"196":[1,1],"197":[0,1],"198":[0,0],"199":[0,0],"200":[0,0],"201":[0,0],"202":[0,0],"203":[0,0],"204":[0,0],"205":[0,0],"206":[0,0],"207":[0,0],"208":[0,0],"209":[0,0],"210":[0,0],"211":[0,0],"212":[0,0],"213":[0,0],"214":[0,0],"215":[0,0],"216":[0,0],"217":[0,0],"218":[0,0],"219":[0,1],"220":[0,1],"221":[1,0],"222":[0,0],"223":[0,0],"224":[0,0],"225":[0,0],"226":[0,0],"227":[0,0],"228":[0,0],"229":[0,0],"230":[0,0],"231":[0,0],"232":[0,0],"233":[0,0],"234":[0,0],"235":[0,0],"236":[0,0],"237":[0,0],"238":[0,0],"239":[0,0,0],"240":[0,0],"241":[0,0],"242":[0,0],"243":[0,0],"244":[0,0],"245":[0,0],"246":[0,0],"247":[0,0],"248":[0,0],"249":[0,0],"250":[0,0,0],"251":[0,0],"252":[0,0],"253":[0,0],"254":[0,0],"255":[0,0,0,0],"256":[0,0],"257":[0,0],"258":[0,0],"259":[0,0],"260":[0,0],"261":[0,0],"262":[0,0],"263":[0,0],"264":[0,0],"265":[0,0],"266":[0,0],"267":[0,0],"268":[0,0],"269":[0,0],"270":[0,0],"271":[0,0],"272":[0,0],"273":[0,0],"274":[0,0],"275":[0,0],"276":[0,0],"277":[0,0],"278":[0,0],"279":[0,0],"280":[0,0],"281":[0,0],"282":[0,0],"283":[0,0],"284":[0,0],"285":[0,0],"286":[0,0],"287":[1,0],"288":[0,0],"289":[0,0],"290":[0,0],"291":[0,0],"292":[0,0],"293":[0,0],"294":[0,0],"295":[0,0],"296":[0,0],"297":[0,0],"298":[0,0],"299":[0,0],"300":[0,0],"301":[0,0],"302":[0,0],"303":[0,0],"304":[0,0],"305":[0,0],"306":[0,0],"307":[0,0],"308":[0,0],"309":[0,0],"310":[0,0],"311":[0,0],"312":[0,0],"313":[0,0],"314":[0,0],"315":[0,0],"316":[0,0],"317":[0,0],"318":[0,0],"319":[0,0],"320":[0,0],"321":[0,0],"322":[0,0],"323":[0,0],"324":[0,0],"325":[0,0],"326":[0,0],"327":[0,0],"328":[0,0],"329":[0,0],"330":[0,0],"331":[1,0],"332":[0,0],"333":[0,0],"334":[0,0],"335":[0,0],"336":[0,0],"337":[0,0,0],"338":[0,0],"339":[0,0,0],"340":[0,0],"341":[0,0],"342":[0,0],"343":[0,0],"344":[0,0],"345":[0,0],"346":[0,0],"347":[0,0],"348":[0,0],"349":[0,0],"350":[0,0],"351":[0,0],"352":[0,0],"353":[0,0],"354":[0,0],"355":[0,0],"356":[0,0],"357":[0,0],"358":[0,0],"359":[0,0],"360":[0,0],"361":[0,0],"362":[0,0],"363":[0,0],"364":[0,0],"365":[0,0],"366":[0,0],"367":[0,0],"368":[0,0],"369":[0,0],"370":[1,0],"371":[0,0],"372":[0,0],"373":[0,0],"374":[0,0],"375":[0,0],"376":[0,0],"377":[0,0],"378":[0,0],"379":[0,0],"380":[0,0],"381":[0,0],"382":[0,0],"383":[0,0],"384":[0,0],"385":[0,0],"386":[0,0],"387":[0,0],"388":[0,0],"389":[0,0],"390":[0,0],"391":[0,0],"392":[0,0],"393":[0,0],"394":[0,0],"395":[0,0,0],"396":[0,0],"397":[0,0,0],"398":[0,0],"399":[0,0,0],"400":[0,0],"401":[0,0],"402":[0,0],"403":[0,0],"404":[0,0],"405":[0,0],"406":[0,0],"407":[0,0],"408":[0,0],"409":[0,0],"410":[0,0],"411":[1,0],"412":[0,0],"413":[0,0],"414":[0,0],"415":[0,0],"416":[0,0],"417":[0,0],"418":[0,0],"419":[0,0],"420":[0,0],"421":[0,0],"422":[0,0],"423":[0,0],"424":[0,0,0],"425":[0,0],"426":[0,0],"427":[0,0],"428":[0,0],"429":[0,0],"430":[0,0],"431":[0,0],"432":[0,0],"433":[0,0],"434":[0,0],"435":[1,0],"436":[0,0],"437":[0,0],"438":[0,0],"439":[0,0],"440":[0,0],"441":[0,0],"442":[0,0],"443":[0,0],"444":[0,0],"445":[1,0],"446":[0,0],"447":[0,0],"448":[0,0],"449":[0,0],"450":[0,0],"451":[0,0],"452":[0,0],"453":[0,0],"454":[0,0],"455":[0,0],"456":[0,0],"457":[0,0],"458":[0,0],"459":[0,0],"460":[0,0],"461":[0,0],"462":[0,0],"463":[0,0],"464":[0,0],"465":[0,0],"466":[0,0],"467":[0,0],"468":[0,0],"469":[0,0],"470":[0,0],"471":[0,0],"472":[0,0],"473":[0,0],"474":[0,0],"475":[0,0],"476":[0,0],"477":[1,0],"478":[0,0],"479":[0,0],"480":[0,0],"481":[0,0],"482":[0,0],"483":[0,0],"484":[0,0],"485":[0,0],"486":[0,0],"487":[0,0],"488":[0,0],"489":[0,0],"490":[0,0],"491":[0,0],"492":[0,0],"493":[0,0],"494":[0,0],"495":[0,0],"496":[0,0],"497":[0,0],"498":[0,0],"499":[0,0],"500":[0,0],"501":[0,0],"502":[0,0],"503":[0,0],"504":[0,0],"505":[0,0],"506":[0,0],"507":[0,0],"508":[0,0],"509":[1,0]},"f":{"1":0,"2":0,"3":0,"4":0,"5":0,"6":0,"7":0,"8":0,"9":0,"10":0,"11":0,"12":0,"13":0,"14":0,"15":0,"16":0,"17":0,"18":0,"19":0,"20":0,"21":0,"22":0,"23":0,"24":0,"25":0,"26":0,"27":0,"28":0,"29":0,"30":0,"31":0,"32":0,"33":0,"34":0,"35":0,"36":0,"37":0,"38":0,"39":0,"40":0,"41":0,"42":0,"43":0,"44":0,"45":0,"46":0,"47":0,"48":0,"49":0,"50":0,"51":0,"52":0,"53":0,"54":0,"55":0,"56":0,"57":0,"58":0,"59":0,"60":0,"61":0,"62":0,"63":0,"64":0,"65":0,"66":0,"67":0,"68":0,"69":0,"70":0,"71":0,"72":1,"73":0,"74":0,"75":0,"76":0,"77":0,"78":0,"79":0,"80":0,"81":0,"82":0,"83":0,"84":0,"85":0,"86":0,"87":0,"88":0,"89":0,"90":0,"91":0,"92":0,"93":0,"94":0,"95":0,"96":0,"97":0,"98":0,"99":0,"100":0,"101":0,"102":0,"103":0,"104":0,"105":0,"106":0,"107":0,"108":0,"109":0,"110":0,"111":0,"112":0,"113":0,"114":0,"115":0,"116":0,"117":0,"118":0,"119":0,"120":0,"121":0,"122":0,"123":0,"124":0,"125":0,"126":0,"127":0,"128":0,"129":0,"130":0,"131":0,"132":0,"133":0,"134":0,"135":0,"136":0,"137":0,"138":0,"139":0,"140":0,"141":0,"142":0,"143":0,"144":0,"145":0,"146":0,"147":0,"148":0,"149":0,"150":0,"151":0,"152":0,"153":0,"154":0,"155":1,"156":0,"157":0,"158":0,"159":0,"160":0,"161":0,"162":0,"163":0,"164":0,"165":0,"166":0,"167":0,"168":0,"169":0,"170":0,"171":0,"172":0,"173":0,"174":0,"175":0,"176":0,"177":0,"178":0,"179":0,"180":0,"181":0,"182":0,"183":0,"184":0,"185":0,"186":0,"187":0,"188":0,"189":0,"190":0,"191":0,"192":0,"193":0,"194":0,"195":0,"196":0,"197":0,"198":0,"199":0,"200":0,"201":0,"202":0,"203":0,"204":0,"205":0,"206":0,"207":0,"208":0,"209":0,"210":0,"211":0,"212":0,"213":0,"214":0,"215":0},"fnMap":{"1":{"name":"RecordRTC","line":38,"loc":{"start":{"line":38,"column":0},"end":{"line":38,"column":40}}},"2":{"name":"startRecording","line":52,"loc":{"start":{"line":52,"column":4},"end":{"line":52,"column":30}}},"3":{"name":"(anonymous_3)","line":67,"loc":{"start":{"line":67,"column":21},"end":{"line":67,"column":32}}},"4":{"name":"initRecorder","line":76,"loc":{"start":{"line":76,"column":4},"end":{"line":76,"column":40}}},"5":{"name":"(anonymous_5)","line":78,"loc":{"start":{"line":78,"column":34},"end":{"line":78,"column":45}}},"6":{"name":"stopRecording","line":94,"loc":{"start":{"line":94,"column":4},"end":{"line":94,"column":37}}},"7":{"name":"_callback","line":113,"loc":{"start":{"line":113,"column":8},"end":{"line":113,"column":35}}},"8":{"name":"(anonymous_8)","line":147,"loc":{"start":{"line":147,"column":23},"end":{"line":147,"column":41}}},"9":{"name":"pauseRecording","line":155,"loc":{"start":{"line":155,"column":4},"end":{"line":155,"column":30}}},"10":{"name":"resumeRecording","line":167,"loc":{"start":{"line":167,"column":4},"end":{"line":167,"column":31}}},"11":{"name":"readFile","line":180,"loc":{"start":{"line":180,"column":4},"end":{"line":180,"column":29}}},"12":{"name":"getDataURL","line":184,"loc":{"start":{"line":184,"column":4},"end":{"line":184,"column":50}}},"13":{"name":"(anonymous_13)","line":196,"loc":{"start":{"line":196,"column":23},"end":{"line":196,"column":34}}},"14":{"name":"(anonymous_14)","line":205,"loc":{"start":{"line":205,"column":34},"end":{"line":205,"column":50}}},"15":{"name":"(anonymous_15)","line":213,"loc":{"start":{"line":213,"column":28},"end":{"line":213,"column":44}}},"16":{"name":"processInWebWorker","line":218,"loc":{"start":{"line":218,"column":8},"end":{"line":218,"column":47}}},"17":{"name":"handleRecordingDuration","line":231,"loc":{"start":{"line":231,"column":4},"end":{"line":231,"column":39}}},"18":{"name":"(anonymous_18)","line":232,"loc":{"start":{"line":232,"column":19},"end":{"line":232,"column":30}}},"19":{"name":"(anonymous_19)","line":304,"loc":{"start":{"line":304,"column":30},"end":{"line":304,"column":63}}},"20":{"name":"(anonymous_20)","line":314,"loc":{"start":{"line":314,"column":50},"end":{"line":314,"column":61}}},"21":{"name":"(anonymous_21)","line":317,"loc":{"start":{"line":317,"column":36},"end":{"line":317,"column":55}}},"22":{"name":"(anonymous_22)","line":331,"loc":{"start":{"line":331,"column":27},"end":{"line":331,"column":38}}},"23":{"name":"(anonymous_23)","line":356,"loc":{"start":{"line":356,"column":17},"end":{"line":356,"column":28}}},"24":{"name":"(anonymous_24)","line":389,"loc":{"start":{"line":389,"column":15},"end":{"line":389,"column":26}}},"25":{"name":"(anonymous_25)","line":407,"loc":{"start":{"line":407,"column":14},"end":{"line":407,"column":33}}},"26":{"name":"(anonymous_26)","line":425,"loc":{"start":{"line":425,"column":21},"end":{"line":425,"column":40}}},"27":{"name":"(anonymous_27)","line":448,"loc":{"start":{"line":448,"column":31},"end":{"line":448,"column":59}}},"28":{"name":"(anonymous_28)","line":552,"loc":{"start":{"line":552,"column":24},"end":{"line":552,"column":49}}},"29":{"name":"(anonymous_29)","line":558,"loc":{"start":{"line":558,"column":22},"end":{"line":558,"column":47}}},"30":{"name":"(anonymous_30)","line":581,"loc":{"start":{"line":581,"column":24},"end":{"line":581,"column":42}}},"31":{"name":"(anonymous_31)","line":585,"loc":{"start":{"line":585,"column":33},"end":{"line":585,"column":56}}},"32":{"name":"(anonymous_32)","line":586,"loc":{"start":{"line":586,"column":37},"end":{"line":586,"column":60}}},"33":{"name":"(anonymous_33)","line":587,"loc":{"start":{"line":587,"column":39},"end":{"line":587,"column":60}}},"34":{"name":"(anonymous_34)","line":597,"loc":{"start":{"line":597,"column":33},"end":{"line":597,"column":56}}},"35":{"name":"(anonymous_35)","line":598,"loc":{"start":{"line":598,"column":37},"end":{"line":598,"column":60}}},"36":{"name":"(anonymous_36)","line":606,"loc":{"start":{"line":606,"column":33},"end":{"line":606,"column":56}}},"37":{"name":"(anonymous_37)","line":607,"loc":{"start":{"line":607,"column":35},"end":{"line":607,"column":56}}},"38":{"name":"(anonymous_38)","line":615,"loc":{"start":{"line":615,"column":33},"end":{"line":615,"column":56}}},"39":{"name":"(anonymous_39)","line":616,"loc":{"start":{"line":616,"column":35},"end":{"line":616,"column":56}}},"40":{"name":"(anonymous_40)","line":624,"loc":{"start":{"line":624,"column":33},"end":{"line":624,"column":56}}},"41":{"name":"(anonymous_41)","line":630,"loc":{"start":{"line":630,"column":33},"end":{"line":630,"column":56}}},"42":{"name":"(anonymous_42)","line":636,"loc":{"start":{"line":636,"column":31},"end":{"line":636,"column":52}}},"43":{"name":"(anonymous_43)","line":649,"loc":{"start":{"line":649,"column":28},"end":{"line":649,"column":39}}},"44":{"name":"RecordRTCConfiguration","line":671,"loc":{"start":{"line":671,"column":0},"end":{"line":671,"column":53}}},"45":{"name":"GetRecorderType","line":737,"loc":{"start":{"line":737,"column":0},"end":{"line":737,"column":46}}},"46":{"name":"MRecordRTC","line":829,"loc":{"start":{"line":829,"column":0},"end":{"line":829,"column":33}}},"47":{"name":"(anonymous_47)","line":839,"loc":{"start":{"line":839,"column":21},"end":{"line":839,"column":44}}},"48":{"name":"(anonymous_48)","line":869,"loc":{"start":{"line":869,"column":26},"end":{"line":869,"column":37}}},"49":{"name":"(anonymous_49)","line":958,"loc":{"start":{"line":958,"column":48},"end":{"line":958,"column":59}}},"50":{"name":"(anonymous_50)","line":959,"loc":{"start":{"line":959,"column":52},"end":{"line":959,"column":63}}},"51":{"name":"(anonymous_51)","line":997,"loc":{"start":{"line":997,"column":25},"end":{"line":997,"column":44}}},"52":{"name":"(anonymous_52)","line":998,"loc":{"start":{"line":998,"column":31},"end":{"line":998,"column":42}}},"53":{"name":"(anonymous_53)","line":1001,"loc":{"start":{"line":1001,"column":45},"end":{"line":1001,"column":63}}},"54":{"name":"(anonymous_54)","line":1007,"loc":{"start":{"line":1007,"column":45},"end":{"line":1007,"column":63}}},"55":{"name":"(anonymous_55)","line":1013,"loc":{"start":{"line":1013,"column":43},"end":{"line":1013,"column":61}}},"56":{"name":"(anonymous_56)","line":1026,"loc":{"start":{"line":1026,"column":26},"end":{"line":1026,"column":37}}},"57":{"name":"(anonymous_57)","line":1047,"loc":{"start":{"line":1047,"column":27},"end":{"line":1047,"column":38}}},"58":{"name":"(anonymous_58)","line":1076,"loc":{"start":{"line":1076,"column":19},"end":{"line":1076,"column":38}}},"59":{"name":"(anonymous_59)","line":1110,"loc":{"start":{"line":1110,"column":22},"end":{"line":1110,"column":41}}},"60":{"name":"(anonymous_60)","line":1111,"loc":{"start":{"line":1111,"column":21},"end":{"line":1111,"column":36}}},"61":{"name":"(anonymous_61)","line":1113,"loc":{"start":{"line":1113,"column":39},"end":{"line":1113,"column":63}}},"62":{"name":"(anonymous_62)","line":1114,"loc":{"start":{"line":1114,"column":43},"end":{"line":1114,"column":67}}},"63":{"name":"(anonymous_63)","line":1122,"loc":{"start":{"line":1122,"column":39},"end":{"line":1122,"column":63}}},"64":{"name":"(anonymous_64)","line":1128,"loc":{"start":{"line":1128,"column":39},"end":{"line":1128,"column":63}}},"65":{"name":"getDataURL","line":1136,"loc":{"start":{"line":1136,"column":8},"end":{"line":1136,"column":46}}},"66":{"name":"readFile","line":1138,"loc":{"start":{"line":1138,"column":51},"end":{"line":1138,"column":76}}},"67":{"name":"(anonymous_67)","line":1142,"loc":{"start":{"line":1142,"column":38},"end":{"line":1142,"column":54}}},"68":{"name":"(anonymous_68)","line":1150,"loc":{"start":{"line":1150,"column":32},"end":{"line":1150,"column":48}}},"69":{"name":"processInWebWorker","line":1156,"loc":{"start":{"line":1156,"column":8},"end":{"line":1156,"column":47}}},"70":{"name":"(anonymous_70)","line":1184,"loc":{"start":{"line":1184,"column":23},"end":{"line":1184,"column":34}}},"71":{"name":"(anonymous_71)","line":1204,"loc":{"start":{"line":1204,"column":16},"end":{"line":1204,"column":31}}},"72":{"name":"(anonymous_72)","line":1259,"loc":{"start":{"line":1259,"column":1},"end":{"line":1259,"column":16}}},"73":{"name":"(anonymous_73)","line":1274,"loc":{"start":{"line":1274,"column":22},"end":{"line":1274,"column":33}}},"74":{"name":"(anonymous_74)","line":1282,"loc":{"start":{"line":1282,"column":119},"end":{"line":1282,"column":130}}},"75":{"name":"(anonymous_75)","line":1291,"loc":{"start":{"line":1291,"column":86},"end":{"line":1291,"column":97}}},"76":{"name":"(anonymous_76)","line":1293,"loc":{"start":{"line":1293,"column":28},"end":{"line":1293,"column":39}}},"77":{"name":"(anonymous_77)","line":1296,"loc":{"start":{"line":1296,"column":22},"end":{"line":1296,"column":33}}},"78":{"name":"(anonymous_78)","line":1297,"loc":{"start":{"line":1297,"column":23},"end":{"line":1297,"column":34}}},"79":{"name":"(anonymous_79)","line":1298,"loc":{"start":{"line":1298,"column":27},"end":{"line":1298,"column":38}}},"80":{"name":"(anonymous_80)","line":1299,"loc":{"start":{"line":1299,"column":27},"end":{"line":1299,"column":38}}},"81":{"name":"(anonymous_81)","line":1306,"loc":{"start":{"line":1306,"column":32},"end":{"line":1306,"column":43}}},"82":{"name":"(anonymous_82)","line":1329,"loc":{"start":{"line":1329,"column":29},"end":{"line":1329,"column":40}}},"83":{"name":"(anonymous_83)","line":1332,"loc":{"start":{"line":1332,"column":29},"end":{"line":1332,"column":40}}},"84":{"name":"(anonymous_84)","line":1421,"loc":{"start":{"line":1421,"column"
[...]
se;","        var mixedVideoStream = getMixedVideoStream();","","        var mixedAudioStream = getMixedAudioStream();","        if (mixedAudioStream) {","            mixedAudioStream.getAudioTracks().forEach(function(track) {","                mixedVideoStream.addTrack(track);","            });","        }","","        if (options.previewStream && typeof options.previewStream === 'function') {","            options.previewStream(mixedVideoStream);","        }","","        mediaRecorder = new MediaStreamRecorder(mixedVideoStream, {","            mimeType: 'video/webm'","        });","","        canvas.width = videos.length > 1 ? videos[0].width * 2 : videos[0].width;","        canvas.height = videos.length > 2 ? videos[0].height * 2 : videos[0].height;","","        drawVideosToCanvas();","","        mediaRecorder.record();","    };","","    /**","     * This method stops recording MediaStream.","     * @param {function} callback - Callback function, that is used to pass recorded blob back to the callee.","     * @method","     * @memberof MultiStreamRecorder","     * @example","     * recorder.stop(function(blob) {","     *     video.src = URL.createObjectURL(blob);","     * });","     */","    this.stop = function(callback) {","        isStoppedRecording = true;","","        if (!mediaRecorder) {","            return;","        }","","        mediaRecorder.stop(function(blob) {","            callback(blob);","        });","    };","","    function getMixedAudioStream() {","        // via: @pehrsons","        var audioContext = new AudioContext();","        var audioSources = [];","","        var audioTracksLength = 0;","        arrayOfMediaStreams.forEach(function(stream) {","            if (!stream.getAudioTracks().length) {","                return;","            }","","            audioTracksLength++;","","            audioSources.push(audioContext.createMediaStreamSource(stream));","        });","","        if (!audioTracksLength) {","            return;","        }","","        var audioiDestination = audioContext.createMediaStreamDestination();","        audioSources.forEach(function(audioSource) {","            audioSource.connect(audioiDestination);","        });","        return audioiDestination.stream;","    }","","    var videos = [];","    var mediaRecorder;","","    function getMixedVideoStream() {","        // via: @adrian-ber","        arrayOfMediaStreams.forEach(function(stream) {","            if (!stream.getVideoTracks().length) {","                return;","            }","","            var video = getVideo(stream);","            video.width = options.video.width;","            video.height = options.video.height;","            videos.push(video);","        });","","        var capturedStream;","","        if ('captureStream' in canvas) {","            capturedStream = canvas.captureStream();","        } else if ('mozCaptureStream' in canvas) {","            capturedStream = canvas.mozCaptureStream();","        } else if (!options.disableLogs) {","            console.error('captureStream API requires this flag: chrome://flags/#enable-experimental-web-platform-features');","        }","","        return capturedStream;","    }","","    function getVideo(stream) {","        var video = document.createElement('video');","        video.src = URL.createObjectURL(stream);","        video.play();","        return video;","    }","","    var isStoppedRecording = false;","","    function drawVideosToCanvas() {","        if (isStoppedRecording) {","            return;","        }","","        var videosLength = videos.length;","        videos.forEach(function(video, idx) {","            if (videosLength === 1) {","                context.drawImage(video, 0, 0, video.width, video.height);","                return;","            }","","            if (videosLength === 2) {","                var x = 0;","                var y = 0;","","                if (idx === 1) {","                    x = video.width;","                }","","                context.drawImage(video, x, y, video.width, video.height);","                return;","            }","","            if (videosLength === 3) {","                var x = 0;","                var y = 0;","","                if (idx === 1) {","                    x = video.width;","                }","","                if (idx === 2) {","                    y = video.height;","                }","","                context.drawImage(video, x, y, video.width, video.height);","                return;","            }","","            if (videosLength === 4) {","                var x = 0;","                var y = 0;","","                if (idx === 1) {","                    x = video.width;","                }","","                if (idx === 2) {","                    y = video.height;","                }","","                if (idx === 3) {","                    x = video.width;","                    y = video.height;","                }","","                context.drawImage(video, x, y, video.width, video.height);","                return;","            }","        });","","        setTimeout(drawVideosToCanvas, options.frameInterval);","    }","","    var canvas = document.createElement('canvas');","    var context = canvas.getContext('2d');","","    canvas.style = 'opacity:0;position:absolute;z-index:-1;top: -100000000;left:-1000000000;';","","    document.body.appendChild(canvas);","","    /**","     * This method pauses the recording process.","     * @method","     * @memberof MultiStreamRecorder","     * @example","     * recorder.pause();","     */","    this.pause = function() {","        if (mediaRecorder) {","            mediaRecorder.pause();","        }","    };","","    /**","     * This method resumes the recording process.","     * @method","     * @memberof MultiStreamRecorder","     * @example","     * recorder.resume();","     */","    this.resume = function() {","        if (mediaRecorder) {","            mediaRecorder.resume();","        }","    };","","    /**","     * This method resets currently recorded data.","     * @method","     * @memberof MultiStreamRecorder","     * @example","     * recorder.clearRecordedData();","     */","    this.clearRecordedData = function() {","        videos = [];","        context.clearRect(0, 0, canvas.width, canvas.height);","        isStoppedRecording = false;","        mediaRecorder = null;","","        if (mediaRecorder) {","            mediaRecorder.clearRecordedData();","        }","    };","}","","if (typeof RecordRTC !== 'undefined') {","    RecordRTC.MultiStreamRecorder = MultiStreamRecorder;","}",""],"l":{"38":1,"39":0,"40":0,"43":0,"47":0,"50":0,"52":1,"53":0,"54":0,"57":0,"58":0,"59":0,"61":0,"62":0,"64":0,"67":0,"68":0,"69":0,"73":0,"76":1,"77":0,"78":0,"79":0,"80":0,"84":0,"86":0,"87":0,"89":0,"90":0,"94":1,"95":0,"96":0,"100":0,"102":0,"103":0,"106":0,"107":0,"109":0,"110":0,"113":1,"114":0,"115":0,"116":0,"119":0,"120":0,"124":0,"126":0,"127":0,"128":0,"130":0,"134":0,"135":0,"136":0,"139":0,"140":0,"143":0,"144":0,"147":0,"148":0,"149":0,"150":0,"155":1,"156":0,"157":0,"160":0,"162":0,"163":0,"167":1,"168":0,"169":0,"173":0,"175":0,"176":0,"180":1,"181":0,"184":1,"185":0,"186":0,"189":0,"191":0,"192":0,"193":0,"196":0,"197":0,"199":0,"202":0,"203":0,"205":0,"206":0,"209":0,"211":0,"212":0,"213":0,"214":0,"218":1,"219":0,"225":0,"226":0,"227":0,"231":1,"232":0,"233":0,"237":0,"239":0,"241":0,"305":0,"306":0,"309":0,"310":0,"313":0,"314":0,"316":0,"318":0,"332":0,"333":0,"336":0,"338":0,"339":0,"357":0,"358":0,"361":0,"390":0,"391":0,"394":0,"408":0,"409":0,"412":0,"426":0,"427":0,"430":0,"449":0,"451":0,"452":0,"453":0,"524":0,"525":0,"526":0,"530":0,"531":0,"534":0,"536":0,"552":1,"553":0,"554":0,"557":0,"558":0,"559":0,"560":0,"563":0,"564":0,"581":1,"582":0,"583":0,"584":0,"585":0,"586":0,"587":0,"588":0,"596":0,"597":0,"598":0,"599":0,"605":0,"606":0,"607":0,"608":0,"614":0,"615":0,"616":0,"617":0,"623":0,"624":0,"625":0,"629":0,"630":0,"631":0,"635":0,"636":0,"637":0,"644":1,"645":1,"648":1,"649":0,"650":0,"671":1,"672":0,"673":0,"674":0,"675":0,"676":0,"677":0,"678":0,"679":0,"680":0,"681":0,"682":0,"683":0,"684":0,"685":0,"692":0,"693":0,"694":0,"697":0,"698":0,"701":0,"707":0,"708":0,"709":0,"711":0,"712":0,"716":0,"737":1,"738":0,"742":0,"745":0,"748":0,"749":0,"753":0,"754":0,"758":0,"759":0,"763":0,"764":0,"767":0,"768":0,"770":0,"771":0,"772":0,"777":0,"778":0,"784":0,"785":0,"788":0,"789":0,"792":0,"793":0,"796":0,"829":1,"839":0,"840":0,"841":0,"857":0,"869":0,"870":0,"871":0,"872":0,"878":0,"880":0,"883":0,"885":0,"888":0,"889":0,"892":0,"893":0,"894":0,"895":0,"898":0,"908":0,"909":0,"913":0,"914":0,"915":0,"916":0,"919":0,"921":0,"922":0,"924":0,"925":0,"926":0,"928":0,"930":0,"933":0,"937":0,"947":0,"948":0,"952":0,"953":0,"954":0,"955":0,"956":0,"958":0,"959":0,"961":0,"962":0,"968":0,"969":0,"970":0,"971":0,"973":0,"981":0,"997":0,"998":0,"1000":0,"1001":0,"1002":0,"1006":0,"1007":0,"1008":0,"1012":0,"1013":0,"1014":0,"1026":0,"1027":0,"1028":0,"1031":0,"1032":0,"1035":0,"1036":0,"1047":0,"1048":0,"1049":0,"1052":0,"1053":0,"1056":0,"1057":0,"1076":0,"1077":0,"1079":0,"1080":0,"1083":0,"1084":0,"1087":0,"1088":0,"1091":0,"1092":0,"1095":0,"1110":0,"1111":0,"1112":0,"1113":0,"1114":0,"1115":0,"1121":0,"1122":0,"1123":0,"1127":0,"1128":0,"1129":0,"1136":1,"1137":0,"1138":0,"1139":0,"1142":0,"1143":0,"1146":0,"1148":0,"1149":0,"1150":0,"1151":0,"1156":1,"1157":0,"1163":0,"1164":0,"1165":0,"1166":0,"1167":0,"1168":0,"1170":0,"1172":0,"1173":0,"1184":0,"1185":0,"1204":0,"1205":0,"1211":0,"1212":0,"1215":0,"1216":0,"1218":0,"1219":0,"1237":1,"1251":1,"1253":1,"1254":1,"1257":1,"1259":1,"1260":1,"1261":0,"1264":1,"1265":0,"1268":1,"1269":0,"1272":1,"1277":1,"1278":0,"1281":1,"1282":1,"1283":0,"1287":1,"1289":1,"1291":1,"1292":0,"1294":0,"1300":0,"1303":0,"1306":1,"1309":1,"1311":1,"1318":1,"1320":1,"1326":1,"1328":1,"1330":0,"1333":0,"1339":1,"1348":1,"1349":1,"1350":1,"1352":0,"1355":1,"1357":0,"1362":1,"1363":1,"1364":1,"1366":0,"1369":1,"1371":0,"1376":1,"1378":1,"1379":1,"1381":0,"1384":1,"1386":0,"1391":1,"1393":1,"1395":0,"1398":1,"1399":0,"1400":0,"1403":0,"1404":0,"1408":1,"1409":1,"1410":1,"1412":1,"1414":1,"1415":0,"1419":1,"1420":0,"1421":0,"1422":0,"1423":0,"1426":0,"1427":0,"1428":0,"1429":0,"1432":0,"1435":0,"1436":0,"1437":0,"1440":0,"1441":0,"1442":0,"1443":0,"1446":0,"1450":0,"1451":0,"1452":0,"1453":0,"1454":0,"1458":0,"1459":0,"1460":0,"1475":1,"1476":0,"1477":0,"1478":0,"1479":0,"1481":0,"1482":0,"1492":1,"1493":0,"1494":0,"1497":0,"1498":0,"1499":0,"1503":0,"1505":0,"1506":0,"1507":0,"1508":0,"1511":0,"1513":0,"1514":0,"1515":0,"1516":0,"1519":0,"1520":0,"1521":0,"1522":0,"1524":0,"1525":0,"1526":0,"1528":0,"1531":0,"1537":0,"1539":0,"1540":0,"1557":1,"1559":1,"1560":0,"1561":1,"1562":0,"1565":1,"1566":1,"1569":1,"1570":0,"1571":0,"1572":0,"1574":0,"1575":0,"1578":0,"1579":0,"1580":0,"1581":0,"1582":0,"1584":0,"1585":0,"1586":0,"1590":0,"1591":0,"1594":0,"1595":0,"1598":0,"1600":0,"1601":0,"1602":0,"1605":0,"1650":1,"1651":0,"1653":0,"1658":0,"1659":0,"1660":0,"1661":0,"1662":0,"1663":0,"1666":0,"1668":0,"1671":0,"1672":0,"1675":0,"1677":0,"1688":0,"1689":0,"1691":0,"1693":0,"1694":0,"1697":0,"1699":0,"1702":0,"1704":0,"1707":0,"1708":0,"1709":0,"1710":0,"1713":0,"1723":0,"1724":0,"1726":0,"1729":0,"1730":0,"1731":0,"1737":0,"1740":0,"1741":0,"1742":0,"1745":0,"1748":0,"1749":0,"1752":0,"1754":0,"1765":0,"1769":0,"1770":0,"1771":0,"1775":0,"1776":0,"1777":0,"1778":0,"1779":0,"1780":0,"1781":0,"1782":0,"1783":0,"1784":0,"1785":0,"1786":0,"1788":0,"1798":0,"1799":0,"1808":0,"1814":0,"1815":0,"1818":0,"1819":0,"1833":0,"1834":0,"1835":0,"1838":0,"1839":0,"1841":0,"1842":0,"1849":0,"1852":0,"1863":0,"1864":0,"1865":0,"1868":0,"1869":0,"1880":0,"1881":0,"1882":0,"1884":0,"1885":0,"1886":0,"1887":0,"1888":0,"1891":0,"1892":0,"1895":0,"1896":0,"1907":0,"1908":0,"1909":0,"1912":0,"1914":0,"1915":0,"1919":0,"1921":1,"1922":0,"1923":0,"1924":0,"1926":0,"1927":0,"1928":0,"1931":0,"1934":0,"1938":0,"1939":0,"1940":0,"1943":0,"1944":0,"1945":0,"1947":0,"1948":0,"1951":0,"1955":1,"1956":1,"1985":1,"1986":0,"1987":0,"1990":0,"1992":0,"1995":0,"1996":0,"1997":0,"1998":0,"1999":0,"2001":0,"2004":0,"2005":0,"2008":0,"2009":0,"2012":0,"2013":0,"2016":1,"2017":0,"2018":0,"2019":0,"2021":0,"2022":0,"2023":0,"2026":0,"2036":0,"2037":0,"2038":0,"2042":0,"2043":0,"2045":0,"2046":0,"2052":0,"2053":0,"2056":1,"2057":1,"2058":0,"2061":0,"2062":0,"2063":0,"2064":0,"2066":0,"2067":0,"2068":0,"2071":0,"2072":0,"2075":1,"2076":0,"2077":0,"2078":0,"2080":0,"2081":0,"2082":0,"2083":0,"2086":0,"2089":1,"2090":0,"2092":0,"2094":0,"2096":0,"2097":0,"2098":0,"2099":0,"2101":0,"2104":1,"2105":0,"2106":0,"2107":0,"2112":0,"2114":0,"2115":0,"2118":0,"2119":0,"2122":0,"2125":0,"2127":0,"2129":0,"2132":0,"2135":0,"2138":0,"2142":0,"2145":0,"2148":0,"2151":0,"2154":0,"2157":0,"2160":0,"2163":0,"2167":0,"2170":0,"2173":0,"2174":0,"2175":0,"2176":0,"2177":0,"2178":0,"2181":0,"2182":0,"2188":0,"2194":0,"2196":0,"2197":0,"2199":0,"2203":0,"2205":0,"2206":0,"2209":0,"2212":0,"2215":1,"2216":0,"2222":0,"2223":0,"2224":0,"2237":0,"2239":0,"2244":0,"2259":0,"2271":0,"2281":0,"2283":0,"2284":0,"2287":0,"2289":0,"2290":0,"2293":0,"2297":0,"2298":0,"2301":0,"2304":0,"2306":0,"2325":0,"2327":0,"2328":0,"2329":0,"2333":0,"2334":0,"2335":0,"2336":0,"2338":0,"2342":0,"2344":0,"2345":0,"2365":0,"2367":0,"2369":0,"2370":0,"2374":0,"2375":0,"2376":0,"2379":0,"2387":0,"2388":0,"2398":0,"2399":0,"2400":0,"2403":0,"2404":0,"2405":0,"2407":0,"2408":0,"2411":0,"2421":0,"2422":0,"2424":0,"2425":0,"2428":0,"2430":1,"2431":0,"2432":0,"2435":0,"2436":0,"2437":0,"2439":0,"2440":0,"2443":0,"2444":0,"2445":0,"2455":0,"2456":0,"2457":0,"2458":0,"2461":0,"2462":0,"2466":0,"2469":0,"2471":0,"2472":0,"2473":0,"2476":0,"2479":0,"2482":0,"2485":1,"2486":1,"2510":1,"2511":0,"2512":0,"2515":0,"2516":0,"2517":0,"2521":0,"2522":0,"2523":0,"2524":0,"2528":0,"2530":0,"2531":0,"2532":0,"2533":0,"2536":0,"2537":0,"2540":0,"2542":0,"2543":0,"2544":0,"2547":0,"2548":0,"2549":0,"2550":0,"2552":0,"2554":0,"2555":0,"2556":0,"2560":0,"2569":0,"2570":0,"2572":0,"2574":0,"2575":0,"2576":0,"2577":0,"2578":0,"2579":0,"2580":0,"2583":0,"2584":0,"2585":0,"2586":0,"2589":0,"2590":0,"2595":0,"2598":0,"2600":0,"2601":0,"2602":0,"2605":0,"2606":0,"2610":0,"2611":0,"2612":0,"2613":0,"2616":0,"2617":0,"2618":0,"2619":0,"2620":0,"2623":0,"2624":0,"2627":0,"2628":0,"2631":0,"2632":0,"2635":0,"2648":0,"2649":0,"2651":0,"2653":0,"2654":0,"2655":0,"2658":0,"2667":0,"2668":0,"2669":0,"2672":0,"2674":0,"2675":0,"2680":0,"2681":0,"2684":0,"2689":0,"2698":0,"2699":0,"2709":0,"2710":0,"2712":0,"2713":0,"2724":0,"2725":0,"2726":0,"2729":1,"2731":0,"2732":0,"2735":0,"2736":0,"2739":0,"2742":0,"2745":1,"2746":0,"2747":0,"2748":0,"2751":0,"2752":0,"2754":0,"2756":0,"2761":0,"2762":0,"2764":0,"2767":0,"2770":0,"2771":0,"2772":0,"2776":0,"2778":0,"2783":0,"2784":0,"2790":0,"2792":0,"2795":1,"2796":1,"2820":1,"2822":0,"2824":0,"2825":0,"2828":0,"2829":0,"2839":0,"2840":0,"2841":0,"2844":0,"2845":0,"2848":0,"2849":0,"2855":0,"2856":0,"2862":0,"2863":0,"2865":0,"2868":0,"2869":0,"2871":0,"2872":0,"2875":0,"2877":0,"2878":0,"2880":0,"2883":0,"2884":0,"2885":0,"2889":0,"2890":0,"2893":0,"2894":0,"2896":0,"2897":0,"2899":0,"2900":0,"2901":0,"2904":0,"2911":1,"2912":0,"2914":0,"2915":0,"2916":0,"2919":0,"2920":0,"2921":0,"2925":0,"2927":0,"2930":0,"2933":0,"2934":0,"2939":0,"2940":0,"2944":1,"2945":0,"2948":0,"2949":0,"2950":0,"2951":0,"2952":0,"2954":0,"2956":0,"2969":1,"2970":0,"2971":0,"2972":0,"2973":0,"2974":0,"2976":0,"2977":0,"2979":0,"2984":0,"2989":0,"2990":0,"2991":0,"2993":0,"2996":0,"2998":0,"2999":0,"3003":0,"3004":0,"3006":0,"3008":0,"3011":0,"3012":0,"3013":0,"3014":0,"3015":0,"3016":0,"3017":0,"3018":0,"3020":0,"3021":0,"3026":0,"3032":0,"3033":0,"3036":0,"3038":0,"3040":0,"3044":0,"3046":0,"3049":0,"3051":0,"3056":0,"3068":0,"3069":0,"3071":0,"3073":0,"3077":0,"3078":0,"3081":0,"3082":0,"3093":0,"3094":0,"3096":0,"3097":0,"3102":0,"3103":0,"3110":0,"3119":0,"3120":0,"3130":0,"3131":0,"3133":0,"3134":0,"3145":0,"3146":0,"3147":0,"3150":0,"3151":0,"3153":0,"3154":0,"3155":0,"3158":1,"3159":1,"3184":1,"3187":1,"3188":0,"3189":0,"3190":0,"3203":1,"3204":0,"3205":0,"3208":0,"3209":0,"3212":0,"3213":0,"3215":0,"3221":1,"3222":0,"3228":0,"3229":0,"3230":0,"3233":1,"3234":1,"3235":0,"3236":0,"3237":0,"3240":0,"3242":0,"3323":0,"3324":0,"3325":0,"3327":0,"3328":0,"3329":0,"3330":0,"3331":0,"3332":0,"3335":0,"3336":0,"3340":0,"3341":0,"3344":0,"3347":1,"3348":0,"3352":0,"3361":0,"3362":0,"3371":1,"3372":0,"3373":0,"3376":0,"3379":0,"3383":0,"3384":0,"3386":0,"3393":1,"3394":0,"3395":0,"3396":0,"3397":0,"3399":0,"3402":1,"3403":0,"3404":0,"3408":1,"3409":0,"3410":0,"3411":0,"3412":0,"3413":0,"3415":0,"3418":1,"3419":0,"3420":0,"3421":0,"3423":0,"3424":0,"3427":0,"3428":0,"3431":0,"3432":0,"3435":0,"3436":0,"3437":0,"3438":0,"3439":0,"3441":0,"3442":0,"3443":0,"3446":0,"3451":1,"3452":0,"3453":0,"3454":0,"3455":0,"3456":0,"3458":0,"3461":1,"3462":0,"3464":0,"3465":0,"3468":0,"3469":0,"3472":0,"3473":0,"3476":0,"3477":0,"3480":0,"3481":0,"3484":0,"3485":0,"3488":0,"3491":1,"3492":0,"3494":0,"3495":0,"3496":0,"3499":0,"3502":0,"3503":0,"3504":0,"3505":0,"3506":0,"3514":1,"3515":0,"3516":0,"3517":0,"3521":1,"3522":0,"3523":0,"3525":0,"3526":0,"3527":0,"3528":0,"3529":0,"3530":0,"3532":0,"3533":0,"3535":0,"3538":0,"3541":1,"3542":0,"3544":0,"3548":0,"3549":0,"3550":0,"3551":0,"3554":0,"3568":1,"3569":0,"3571":0,"3572":0,"3573":0,"3574":0,"3576":0,"3579":0,"3582":1,"3596":1,"3597":1,"3630":1,"3640":0,"3642":0,"3643":0,"3644":0,"3647":0,"3648":0,"3650":0,"3652":1,"3653":0,"3656":1,"3657":0,"3659":0,"3660":0,"3663":0,"3664":0,"3667":0,"3668":0,"3671":1,"3672":0,"3673":0,"3674":0,"3679":0,"3680":0,"3681":0,"3684":0,"3686":0,"3687":0,"3688":0,"3690":0,"3691":0,"3692":0,"3693":0,"3694":0,"3695":0,"3698":0,"3701":0,"3704":0,"3705":0,"3721":0,"3722":0,"3724":0,"3739":0,"3740":0,"3741":0,"3743":0,"3745":0,"3758":0,"3772":1,"3773":1,"3796":1,"3797":0,"3798":0,"3801":0,"3803":0,"3812":0,"3813":0,"3814":0,"3815":0,"3818":0,"3819":0,"3822":0,"3823":0,"3829":0,"3830":0,"3836":0,"3837":0,"3839":0,"3840":0,"3844":0,"3849":0,"3855":0,"3864":0,"3868":0,"3870":0,"3872":0,"3874":1,"3875":0,"3876":0,"3877":0,"3881":0,"3883":0,"3884":0,"3888":0,"3889":0,"3892":0,"3895":0,"3898":0,"3899":0,"3902":0,"3903":0,"3906":0,"3907":0,"3910":0,"3912":0,"3913":0,"3927":0,"3928":0,"3929":0,"3932":0,"3942":0,"3947":0,"3950":0,"3959":0,"3960":0,"3970":0,"3971":0,"3981":0,"3982":0,"3983":0,"3986":0,"3988":0,"3991":0,"3992":0,"3994":0,"3995":0,"3996":0,"3997":0,"3998":0,"3999":0,"4000":0,"4004":0,"4005":0,"4006":0,"4007":0,"4009":0,"4010":0,"4012":0,"4015":0,"4018":0,"4019":0,"4021":0,"4024":1,"4025":1,"4059":1,"4060":0,"4062":0,"4070":0,"4071":0,"4074":0,"4075":0,"4078":0,"4079":0,"4082":0,"4083":0,"4093":0,"4094":0,"4095":0,"4097":0,"4098":0,"4099":0,"4100":0,"4104":0,"4105":0,"4108":0,"4112":0,"4113":0,"4115":0,"4117":0,"4130":0,"4131":0,"4133":0,"4134":0,"4137":0,"4138":0,"4142":1,"4144":0,"4145":0,"4147":0,"4148":0,"4149":0,"4150":0,"4153":0,"4155":0,"4158":0,"4159":0,"4162":0,"4163":0,"4164":0,"4166":0,"4169":0,"4170":0,"4172":1,"4174":0,"4175":0,"4176":0,"4179":0,"4180":0,"4181":0,"4182":0,"4185":0,"4187":0,"4188":0,"4189":0,"4190":0,"4191":0,"4192":0,"4195":0,"4198":1,"4199":0,"4200":0,"4201":0,"4202":0,"4205":0,"4207":1,"4208":0,"4209":0,"4212":0,"4213":0,"4214":0,"4215":0,"4216":0,"4219":0,"4220":0,"4221":0,"4223":0,"4224":0,"4227":0,"4228":0,"4231":0,"4232":0,"4233":0,"4235":0,"4236":0,"4239":0,"4240":0,"4243":0,"4244":0,"4247":0,"4248":0,"4249":0,"4251":0,"4252":0,"4255":0,"4256":0,"4259":0,"4260":0,"4261":0,"4264":0,"4265":0,"4269":0,"4272":0,"4273":0,"4275":0,"4277":0,"4286":0,"4287":0,"4288":0,"4299":0,"4300":0,"4301":0,"4312":0,"4313":0,"4314":0,"4315":0,"4316":0,"4318":0,"4319":0,"4324":1,"4325":1}}}